The target system is: Linux -  - cortexa53-crypto
The host system is: Linux - 5.4.0-107-generic - x86_64
Compiling the C compiler identification source file "CMakeCCompilerId.c" succeeded.
Compiler: /opt/fslc-wayland/3.3/sysroots/x86_64-fslcsdk-linux/usr/bin/aarch64-fslc-linux/aarch64-fslc-linux-gcc -mcpu=cortex-a53;-march=armv8-a+crc+crypto;-fstack-protector-strong;-O2;-D_FORTIFY_SOURCE=2;-Wformat;-Wformat-security;-Werror=format-security;--sysroot=/opt/fslc-wayland/3.3/sysroots/cortexa53-crypto-fslc-linux
Build flags: ;-O2;-pipe;-g;-feliminate-unused-debug-types;
Id flags:  

The output was:
0


Compilation of the C compiler identification source "CMakeCCompilerId.c" produced "a.out"

The C compiler identification is GNU, found in "/home/yeon/Project/PDU/PDU_220406/src/CMakeFiles/3.19.5/CompilerIdC/a.out"

Compiling the CXX compiler identification source file "CMakeCXXCompilerId.cpp" succeeded.
Compiler: /opt/fslc-wayland/3.3/sysroots/x86_64-fslcsdk-linux/usr/bin/aarch64-fslc-linux/aarch64-fslc-linux-g++ -mcpu=cortex-a53;-march=armv8-a+crc+crypto;-fstack-protector-strong;-O2;-D_FORTIFY_SOURCE=2;-Wformat;-Wformat-security;-Werror=format-security;--sysroot=/opt/fslc-wayland/3.3/sysroots/cortexa53-crypto-fslc-linux
Build flags: ;-O2;-pipe;-g;-feliminate-unused-debug-types;
Id flags:  

The output was:
0


Compilation of the CXX compiler identification source "CMakeCXXCompilerId.cpp" produced "a.out"

The CXX compiler identification is GNU, found in "/home/yeon/Project/PDU/PDU_220406/src/CMakeFiles/3.19.5/CompilerIdCXX/a.out"

Detecting C compiler ABI info compiled with the following output:
Change Dir: /home/yeon/Project/PDU/PDU_220406/src/CMakeFiles/CMakeTmp

Run Build Command(s):/usr/bin/make cmTC_be763/fast && /usr/bin/make  -f CMakeFiles/cmTC_be763.dir/build.make CMakeFiles/cmTC_be763.dir/build
make[1]: Entering directory '/home/yeon/Project/PDU/PDU_220406/src/CMakeFiles/CMakeTmp'
Building C object CMakeFiles/cmTC_be763.dir/CMakeCCompilerABI.c.o
/opt/fslc-wayland/3.3/sysroots/x86_64-fslcsdk-linux/usr/bin/aarch64-fslc-linux/aarch64-fslc-linux-gcc   -mcpu=cortex-a53 -march=armv8-a+crc+crypto -fstack-protector-strong  -O2 -D_FORTIFY_SOURCE=2 -Wformat -Wformat-security -Werror=format-security --sysroot=/opt/fslc-wayland/3.3/sysroots/cortexa53-crypto-fslc-linux --sysroot=/opt/fslc-wayland/3.3/sysroots/cortexa53-crypto-fslc-linux   -O2 -pipe -g -feliminate-unused-debug-types     -v -o CMakeFiles/cmTC_be763.dir/CMakeCCompilerABI.c.o -c /opt/fslc-wayland/3.3/sysroots/x86_64-fslcsdk-linux/usr/share/cmake-3.19/Modules/CMakeCCompilerABI.c
Using built-in specs.
COLLECT_GCC=/opt/fslc-wayland/3.3/sysroots/x86_64-fslcsdk-linux/usr/bin/aarch64-fslc-linux/aarch64-fslc-linux-gcc
Target: aarch64-fslc-linux
Configured with: ../../../../../../work-shared/gcc-10.2.0-r0/gcc-10.2.0/configure --build=x86_64-linux --host=x86_64-fslcsdk-linux --target=aarch64-fslc-linux --prefix=/opt/fslc-wayland/3.3/sysroots/x86_64-fslcsdk-linux/usr --exec_prefix=/opt/fslc-wayland/3.3/sysroots/x86_64-fslcsdk-linux/usr --bindir=/opt/fslc-wayland/3.3/sysroots/x86_64-fslcsdk-linux/usr/bin/aarch64-fslc-linux --sbindir=/opt/fslc-wayland/3.3/sysroots/x86_64-fslcsdk-linux/usr/bin/aarch64-fslc-linux --libexecdir=/opt/fslc-wayland/3.3/sysroots/x86_64-fslcsdk-linux/usr/libexec/aarch64-fslc-linux --datadir=/opt/fslc-wayland/3.3/sysroots/x86_64-fslcsdk-linux/usr/share --sysconfdir=/opt/fslc-wayland/3.3/sysroots/x86_64-fslcsdk-linux/etc --sharedstatedir=/opt/fslc-wayland/3.3/sysroots/x86_64-fslcsdk-linux/com --localstatedir=/opt/fslc-wayland/3.3/sysroots/x86_64-fslcsdk-linux/var --libdir=/opt/fslc-wayland/3.3/sysroots/x86_64-fslcsdk-linux/usr/lib/aarch64-fslc-linux --includedir=/opt/fslc-wayland/3.3/sysroots/x86_64-fslcsdk-linux/usr/include --oldincludedir=/opt/fslc-wayland/3.3/sysroots/x86_64-fslcsdk-linux/usr/include --infodir=/opt/fslc-wayland/3.3/sysroots/x86_64-fslcsdk-linux/usr/share/info --mandir=/opt/fslc-wayland/3.3/sysroots/x86_64-fslcsdk-linux/usr/share/man --disable-silent-rules --disable-dependency-tracking --with-libtool-sysroot=/home/yeon/var-fslc-yocto/build_wayland/tmp/work/x86_64-nativesdk-fslcsdk-linux/gcc-cross-canadian-aarch64/10.2.0-r0/recipe-sysroot --with-gnu-ld --enable-shared --enable-languages=c,c++ --enable-threads=posix --enable-multilib --enable-default-pie --enable-c99 --enable-long-long --enable-symvers=gnu --enable-libstdcxx-pch --program-prefix=aarch64-fslc-linux- --without-local-prefix --disable-install-libiberty --disable-libssp --enable-libitm --enable-lto --disable-bootstrap --with-system-zlib --with-linker-hash-style=gnu --enable-linker-build-id --with-ppl=no --with-cloog=no --enable-checking=release --enable-cheaders=c_global --without-isl --with-gxx-include-dir=/not/exist/usr/include/c++/10.2.0 --with-build-time-tools=/home/yeon/var-fslc-yocto/build_wayland/tmp/work/x86_64-nativesdk-fslcsdk-linux/gcc-cross-canadian-aarch64/10.2.0-r0/recipe-sysroot-native/usr/aarch64-fslc-linux/bin --with-sysroot=/not/exist --with-build-sysroot=/home/yeon/var-fslc-yocto/build_wayland/tmp/work/x86_64-nativesdk-fslcsdk-linux/gcc-cross-canadian-aarch64/10.2.0-r0/recipe-sysroot --enable-poison-system-directories --disable-static --enable-nls --with-glibc-version=2.28 --enable-initfini-array --enable-__cxa_atexit
Thread model: posix
Supported LTO compression algorithms: zlib
gcc version 10.2.0 (GCC) 
COLLECT_GCC_OPTIONS='--sysroot=/opt/fslc-wayland/3.3/sysroots/cortexa53-crypto-fslc-linux' '-mcpu=cortex-a53' '-march=armv8-a+crc+crypto' '-fstack-protector-strong' '-O2' '-D' '_FORTIFY_SOURCE=2' '-Wformat=1' '-Wformat-security' '-Werror=format-security' '-O2' '-pipe' '-g' '-feliminate-unused-debug-types' '-v' '-o' 'CMakeFiles/cmTC_be763.dir/CMakeCCompilerABI.c.o' '-c' '-mlittle-endian' '-mabi=lp64'
 /opt/fslc-wayland/3.3/sysroots/x86_64-fslcsdk-linux/usr/libexec/aarch64-fslc-linux/gcc/aarch64-fslc-linux/10.2.0/cc1 -quiet -v -isysroot /opt/fslc-wayland/3.3/sysroots/cortexa53-crypto-fslc-linux -D _FORTIFY_SOURCE=2 /opt/fslc-wayland/3.3/sysroots/x86_64-fslcsdk-linux/usr/share/cmake-3.19/Modules/CMakeCCompilerABI.c -quiet -dumpbase CMakeCCompilerABI.c -mcpu=cortex-a53 -march=armv8-a+crc+crypto -mlittle-endian -mabi=lp64 -auxbase-strip CMakeFiles/cmTC_be763.dir/CMakeCCompilerABI.c.o -g -O2 -O2 -Wformat=1 -Wformat-security -Werror=format-security -version -fstack-protector-strong -feliminate-unused-debug-types -o - |
 /opt/fslc-wayland/3.3/sysroots/x86_64-fslcsdk-linux/usr/libexec/aarch64-fslc-linux/gcc/aarch64-fslc-linux/10.2.0/as -v -EL -march=armv8-a+crc+crypto -march=armv8-a+crc -mabi=lp64 -o CMakeFiles/cmTC_be763.dir/CMakeCCompilerABI.c.o
GNU assembler version 2.36.1 (aarch64-fslc-linux) using BFD version (GNU Binutils) 2.36.1.20210209
GNU C17 (GCC) version 10.2.0 (aarch64-fslc-linux)
	compiled by GNU C version 10.2.0, GMP version 6.2.1, MPFR version 4.1.0, MPC version 1.2.1, isl version none
GGC heuristics: --param ggc-min-expand=100 --param ggc-min-heapsize=131072
ignoring nonexistent directory "/opt/fslc-wayland/3.3/sysroots/cortexa53-crypto-fslc-linux/usr/local/include"
ignoring nonexistent directory "/opt/fslc-wayland/3.3/sysroots/x86_64-fslcsdk-linux/usr/lib/aarch64-fslc-linux/gcc/aarch64-fslc-linux/10.2.0/../../../../../aarch64-fslc-linux/include"
#include "..." search starts here:
#include <...> search starts here:
 /opt/fslc-wayland/3.3/sysroots/x86_64-fslcsdk-linux/usr/lib/aarch64-fslc-linux/gcc/aarch64-fslc-linux/10.2.0/include
 /opt/fslc-wayland/3.3/sysroots/cortexa53-crypto-fslc-linux/usr/lib/aarch64-fslc-linux/10.2.0/include
 /opt/fslc-wayland/3.3/sysroots/x86_64-fslcsdk-linux/usr/lib/aarch64-fslc-linux/gcc/aarch64-fslc-linux/10.2.0/include-fixed
 /opt/fslc-wayland/3.3/sysroots/cortexa53-crypto-fslc-linux/usr/include/
End of search list.
GNU C17 (GCC) version 10.2.0 (aarch64-fslc-linux)
	compiled by GNU C version 10.2.0, GMP version 6.2.1, MPFR version 4.1.0, MPC version 1.2.1, isl version none
GGC heuristics: --param ggc-min-expand=100 --param ggc-min-heapsize=131072
Compiler executable checksum: b64389bbecd91501d6e2b3e70d0b09aa
COMPILER_PATH=/opt/fslc-wayland/3.3/sysroots/x86_64-fslcsdk-linux/usr/libexec/aarch64-fslc-linux/gcc/aarch64-fslc-linux/10.2.0/:/opt/fslc-wayland/3.3/sysroots/x86_64-fslcsdk-linux/usr/libexec/aarch64-fslc-linux/gcc/aarch64-fslc-linux/10.2.0/:/opt/fslc-wayland/3.3/sysroots/x86_64-fslcsdk-linux/usr/libexec/aarch64-fslc-linux/gcc/aarch64-fslc-linux/:/opt/fslc-wayland/3.3/sysroots/x86_64-fslcsdk-linux/usr/lib/aarch64-fslc-linux/gcc/aarch64-fslc-linux/10.2.0/:/opt/fslc-wayland/3.3/sysroots/x86_64-fslcsdk-linux/usr/lib/aarch64-fslc-linux/gcc/aarch64-fslc-linux/
LIBRARY_PATH=/opt/fslc-wayland/3.3/sysroots/x86_64-fslcsdk-linux/usr/lib/aarch64-fslc-linux/gcc/aarch64-fslc-linux/10.2.0/:/opt/fslc-wayland/3.3/sysroots/cortexa53-crypto-fslc-linux/lib/:/opt/fslc-wayland/3.3/sysroots/cortexa53-crypto-fslc-linux/usr/lib/aarch64-fslc-linux/10.2.0/:/opt/fslc-wayland/3.3/sysroots/cortexa53-crypto-fslc-linux/usr/lib/
COLLECT_GCC_OPTIONS='--sysroot=/opt/fslc-wayland/3.3/sysroots/cortexa53-crypto-fslc-linux' '-mcpu=cortex-a53' '-march=armv8-a+crc+crypto' '-fstack-protector-strong' '-O2' '-D' '_FORTIFY_SOURCE=2' '-Wformat=1' '-Wformat-security' '-Werror=format-security' '-O2' '-pipe' '-g' '-feliminate-unused-debug-types' '-v' '-o' 'CMakeFiles/cmTC_be763.dir/CMakeCCompilerABI.c.o' '-c' '-mlittle-endian' '-mabi=lp64'
Linking C executable cmTC_be763
/opt/fslc-wayland/3.3/sysroots/x86_64-fslcsdk-linux/usr/bin/cmake -E cmake_link_script CMakeFiles/cmTC_be763.dir/link.txt --verbose=1
/opt/fslc-wayland/3.3/sysroots/x86_64-fslcsdk-linux/usr/bin/aarch64-fslc-linux/aarch64-fslc-linux-gcc   -mcpu=cortex-a53 -march=armv8-a+crc+crypto -fstack-protector-strong  -O2 -D_FORTIFY_SOURCE=2 -Wformat -Wformat-security -Werror=format-security --sysroot=/opt/fslc-wayland/3.3/sysroots/cortexa53-crypto-fslc-linux --sysroot=/opt/fslc-wayland/3.3/sysroots/cortexa53-crypto-fslc-linux  -O2 -pipe -g -feliminate-unused-debug-types   -Wl,-O1 -Wl,--hash-style=gnu -Wl,--as-needed -Wl,-z,relro,-z,now -v -rdynamic CMakeFiles/cmTC_be763.dir/CMakeCCompilerABI.c.o -o cmTC_be763 
Using built-in specs.
COLLECT_GCC=/opt/fslc-wayland/3.3/sysroots/x86_64-fslcsdk-linux/usr/bin/aarch64-fslc-linux/aarch64-fslc-linux-gcc
COLLECT_LTO_WRAPPER=/opt/fslc-wayland/3.3/sysroots/x86_64-fslcsdk-linux/usr/libexec/aarch64-fslc-linux/gcc/aarch64-fslc-linux/10.2.0/lto-wrapper
Target: aarch64-fslc-linux
Configured with: ../../../../../../work-shared/gcc-10.2.0-r0/gcc-10.2.0/configure --build=x86_64-linux --host=x86_64-fslcsdk-linux --target=aarch64-fslc-linux --prefix=/opt/fslc-wayland/3.3/sysroots/x86_64-fslcsdk-linux/usr --exec_prefix=/opt/fslc-wayland/3.3/sysroots/x86_64-fslcsdk-linux/usr --bindir=/opt/fslc-wayland/3.3/sysroots/x86_64-fslcsdk-linux/usr/bin/aarch64-fslc-linux --sbindir=/opt/fslc-wayland/3.3/sysroots/x86_64-fslcsdk-linux/usr/bin/aarch64-fslc-linux --libexecdir=/opt/fslc-wayland/3.3/sysroots/x86_64-fslcsdk-linux/usr/libexec/aarch64-fslc-linux --datadir=/opt/fslc-wayland/3.3/sysroots/x86_64-fslcsdk-linux/usr/share --sysconfdir=/opt/fslc-wayland/3.3/sysroots/x86_64-fslcsdk-linux/etc --sharedstatedir=/opt/fslc-wayland/3.3/sysroots/x86_64-fslcsdk-linux/com --localstatedir=/opt/fslc-wayland/3.3/sysroots/x86_64-fslcsdk-linux/var --libdir=/opt/fslc-wayland/3.3/sysroots/x86_64-fslcsdk-linux/usr/lib/aarch64-fslc-linux --includedir=/opt/fslc-wayland/3.3/sysroots/x86_64-fslcsdk-linux/usr/include --oldincludedir=/opt/fslc-wayland/3.3/sysroots/x86_64-fslcsdk-linux/usr/include --infodir=/opt/fslc-wayland/3.3/sysroots/x86_64-fslcsdk-linux/usr/share/info --mandir=/opt/fslc-wayland/3.3/sysroots/x86_64-fslcsdk-linux/usr/share/man --disable-silent-rules --disable-dependency-tracking --with-libtool-sysroot=/home/yeon/var-fslc-yocto/build_wayland/tmp/work/x86_64-nativesdk-fslcsdk-linux/gcc-cross-canadian-aarch64/10.2.0-r0/recipe-sysroot --with-gnu-ld --enable-shared --enable-languages=c,c++ --enable-threads=posix --enable-multilib --enable-default-pie --enable-c99 --enable-long-long --enable-symvers=gnu --enable-libstdcxx-pch --program-prefix=aarch64-fslc-linux- --without-local-prefix --disable-install-libiberty --disable-libssp --enable-libitm --enable-lto --disable-bootstrap --with-system-zlib --with-linker-hash-style=gnu --enable-linker-build-id --with-ppl=no --with-cloog=no --enable-checking=release --enable-cheaders=c_global --without-isl --with-gxx-include-dir=/not/exist/usr/include/c++/10.2.0 --with-build-time-tools=/home/yeon/var-fslc-yocto/build_wayland/tmp/work/x86_64-nativesdk-fslcsdk-linux/gcc-cross-canadian-aarch64/10.2.0-r0/recipe-sysroot-native/usr/aarch64-fslc-linux/bin --with-sysroot=/not/exist --with-build-sysroot=/home/yeon/var-fslc-yocto/build_wayland/tmp/work/x86_64-nativesdk-fslcsdk-linux/gcc-cross-canadian-aarch64/10.2.0-r0/recipe-sysroot --enable-poison-system-directories --disable-static --enable-nls --with-glibc-version=2.28 --enable-initfini-array --enable-__cxa_atexit
Thread model: posix
Supported LTO compression algorithms: zlib
gcc version 10.2.0 (GCC) 
COMPILER_PATH=/opt/fslc-wayland/3.3/sysroots/x86_64-fslcsdk-linux/usr/libexec/aarch64-fslc-linux/gcc/aarch64-fslc-linux/10.2.0/:/opt/fslc-wayland/3.3/sysroots/x86_64-fslcsdk-linux/usr/libexec/aarch64-fslc-linux/gcc/aarch64-fslc-linux/10.2.0/:/opt/fslc-wayland/3.3/sysroots/x86_64-fslcsdk-linux/usr/libexec/aarch64-fslc-linux/gcc/aarch64-fslc-linux/:/opt/fslc-wayland/3.3/sysroots/x86_64-fslcsdk-linux/usr/lib/aarch64-fslc-linux/gcc/aarch64-fslc-linux/10.2.0/:/opt/fslc-wayland/3.3/sysroots/x86_64-fslcsdk-linux/usr/lib/aarch64-fslc-linux/gcc/aarch64-fslc-linux/
LIBRARY_PATH=/opt/fslc-wayland/3.3/sysroots/x86_64-fslcsdk-linux/usr/lib/aarch64-fslc-linux/gcc/aarch64-fslc-linux/10.2.0/:/opt/fslc-wayland/3.3/sysroots/cortexa53-crypto-fslc-linux/lib/:/opt/fslc-wayland/3.3/sysroots/cortexa53-crypto-fslc-linux/usr/lib/aarch64-fslc-linux/10.2.0/:/opt/fslc-wayland/3.3/sysroots/cortexa53-crypto-fslc-linux/usr/lib/
COLLECT_GCC_OPTIONS='--sysroot=/opt/fslc-wayland/3.3/sysroots/cortexa53-crypto-fslc-linux' '-mcpu=cortex-a53' '-march=armv8-a+crc+crypto' '-fstack-protector-strong' '-O2' '-D' '_FORTIFY_SOURCE=2' '-Wformat=1' '-Wformat-security' '-Werror=format-security' '-O2' '-pipe' '-g' '-feliminate-unused-debug-types' '-v' '-rdynamic' '-o' 'cmTC_be763' '-mlittle-endian' '-mabi=lp64'
 /opt/fslc-wayland/3.3/sysroots/x86_64-fslcsdk-linux/usr/libexec/aarch64-fslc-linux/gcc/aarch64-fslc-linux/10.2.0/collect2 -plugin /opt/fslc-wayland/3.3/sysroots/x86_64-fslcsdk-linux/usr/libexec/aarch64-fslc-linux/gcc/aarch64-fslc-linux/10.2.0/liblto_plugin.so -plugin-opt=/opt/fslc-wayland/3.3/sysroots/x86_64-fslcsdk-linux/usr/libexec/aarch64-fslc-linux/gcc/aarch64-fslc-linux/10.2.0/lto-wrapper -plugin-opt=-fresolution=/tmp/ccSoDLmd.res -plugin-opt=-pass-through=-lgcc -plugin-opt=-pass-through=-lgcc_s -plugin-opt=-pass-through=-lc -plugin-opt=-pass-through=-lgcc -plugin-opt=-pass-through=-lgcc_s --sysroot=/opt/fslc-wayland/3.3/sysroots/cortexa53-crypto-fslc-linux --build-id --eh-frame-hdr --hash-style=gnu -export-dynamic -dynamic-linker /lib/ld-linux-aarch64.so.1 -X -EL -maarch64linux -pie -o cmTC_be763 /opt/fslc-wayland/3.3/sysroots/cortexa53-crypto-fslc-linux/usr/lib/Scrt1.o /opt/fslc-wayland/3.3/sysroots/cortexa53-crypto-fslc-linux/usr/lib/crti.o /opt/fslc-wayland/3.3/sysroots/cortexa53-crypto-fslc-linux/usr/lib/aarch64-fslc-linux/10.2.0/crtbeginS.o -L/opt/fslc-wayland/3.3/sysroots/x86_64-fslcsdk-linux/usr/lib/aarch64-fslc-linux/gcc/aarch64-fslc-linux/10.2.0 -L/opt/fslc-wayland/3.3/sysroots/cortexa53-crypto-fslc-linux/lib -L/opt/fslc-wayland/3.3/sysroots/cortexa53-crypto-fslc-linux/usr/lib/aarch64-fslc-linux/10.2.0 -L/opt/fslc-wayland/3.3/sysroots/cortexa53-crypto-fslc-linux/usr/lib -O1 --hash-style=gnu --as-needed -z relro -z now CMakeFiles/cmTC_be763.dir/CMakeCCompilerABI.c.o -lgcc --push-state --as-needed -lgcc_s --pop-state -lc -lgcc --push-state --as-needed -lgcc_s --pop-state /opt/fslc-wayland/3.3/sysroots/cortexa53-crypto-fslc-linux/usr/lib/aarch64-fslc-linux/10.2.0/crtendS.o /opt/fslc-wayland/3.3/sysroots/cortexa53-crypto-fslc-linux/usr/lib/crtn.o
COLLECT_GCC_OPTIONS='--sysroot=/opt/fslc-wayland/3.3/sysroots/cortexa53-crypto-fslc-linux' '-mcpu=cortex-a53' '-march=armv8-a+crc+crypto' '-fstack-protector-strong' '-O2' '-D' '_FORTIFY_SOURCE=2' '-Wformat=1' '-Wformat-security' '-Werror=format-security' '-O2' '-pipe' '-g' '-feliminate-unused-debug-types' '-v' '-rdynamic' '-o' 'cmTC_be763' '-mlittle-endian' '-mabi=lp64'
make[1]: Leaving directory '/home/yeon/Project/PDU/PDU_220406/src/CMakeFiles/CMakeTmp'



Parsed C implicit include dir info from above output: rv=done
  found start of include info
  found start of implicit include info
    add: [/opt/fslc-wayland/3.3/sysroots/x86_64-fslcsdk-linux/usr/lib/aarch64-fslc-linux/gcc/aarch64-fslc-linux/10.2.0/include]
    add: [/opt/fslc-wayland/3.3/sysroots/cortexa53-crypto-fslc-linux/usr/lib/aarch64-fslc-linux/10.2.0/include]
    add: [/opt/fslc-wayland/3.3/sysroots/x86_64-fslcsdk-linux/usr/lib/aarch64-fslc-linux/gcc/aarch64-fslc-linux/10.2.0/include-fixed]
    add: [/opt/fslc-wayland/3.3/sysroots/cortexa53-crypto-fslc-linux/usr/include/]
  end of search list found
  collapse include dir [/opt/fslc-wayland/3.3/sysroots/x86_64-fslcsdk-linux/usr/lib/aarch64-fslc-linux/gcc/aarch64-fslc-linux/10.2.0/include] ==> [/opt/fslc-wayland/3.3/sysroots/x86_64-fslcsdk-linux/usr/lib/aarch64-fslc-linux/gcc/aarch64-fslc-linux/10.2.0/include]
  collapse include dir [/opt/fslc-wayland/3.3/sysroots/cortexa53-crypto-fslc-linux/usr/lib/aarch64-fslc-linux/10.2.0/include] ==> [/opt/fslc-wayland/3.3/sysroots/cortexa53-crypto-fslc-linux/usr/lib/aarch64-fslc-linux/10.2.0/include]
  collapse include dir [/opt/fslc-wayland/3.3/sysroots/x86_64-fslcsdk-linux/usr/lib/aarch64-fslc-linux/gcc/aarch64-fslc-linux/10.2.0/include-fixed] ==> [/opt/fslc-wayland/3.3/sysroots/x86_64-fslcsdk-linux/usr/lib/aarch64-fslc-linux/gcc/aarch64-fslc-linux/10.2.0/include-fixed]
  collapse include dir [/opt/fslc-wayland/3.3/sysroots/cortexa53-crypto-fslc-linux/usr/include/] ==> [/opt/fslc-wayland/3.3/sysroots/cortexa53-crypto-fslc-linux/usr/include]
  implicit include dirs: [/opt/fslc-wayland/3.3/sysroots/x86_64-fslcsdk-linux/usr/lib/aarch64-fslc-linux/gcc/aarch64-fslc-linux/10.2.0/include;/opt/fslc-wayland/3.3/sysroots/cortexa53-crypto-fslc-linux/usr/lib/aarch64-fslc-linux/10.2.0/include;/opt/fslc-wayland/3.3/sysroots/x86_64-fslcsdk-linux/usr/lib/aarch64-fslc-linux/gcc/aarch64-fslc-linux/10.2.0/include-fixed;/opt/fslc-wayland/3.3/sysroots/cortexa53-crypto-fslc-linux/usr/include]


Parsed C implicit link information from above output:
  link line regex: [^( *|.*[/\])(aarch64-fslc-linux-ld|CMAKE_LINK_STARTFILE-NOTFOUND|([^/\]+-)?ld|collect2)[^/\]*( |$)]
  ignore line: [Change Dir: /home/yeon/Project/PDU/PDU_220406/src/CMakeFiles/CMakeTmp]
  ignore line: []
  ignore line: [Run Build Command(s):/usr/bin/make cmTC_be763/fast && /usr/bin/make  -f CMakeFiles/cmTC_be763.dir/build.make CMakeFiles/cmTC_be763.dir/build]
  ignore line: [make[1]: Entering directory '/home/yeon/Project/PDU/PDU_220406/src/CMakeFiles/CMakeTmp']
  ignore line: [Building C object CMakeFiles/cmTC_be763.dir/CMakeCCompilerABI.c.o]
  ignore line: [/opt/fslc-wayland/3.3/sysroots/x86_64-fslcsdk-linux/usr/bin/aarch64-fslc-linux/aarch64-fslc-linux-gcc   -mcpu=cortex-a53 -march=armv8-a+crc+crypto -fstack-protector-strong  -O2 -D_FORTIFY_SOURCE=2 -Wformat -Wformat-security -Werror=format-security --sysroot=/opt/fslc-wayland/3.3/sysroots/cortexa53-crypto-fslc-linux --sysroot=/opt/fslc-wayland/3.3/sysroots/cortexa53-crypto-fslc-linux   -O2 -pipe -g -feliminate-unused-debug-types     -v -o CMakeFiles/cmTC_be763.dir/CMakeCCompilerABI.c.o -c /opt/fslc-wayland/3.3/sysroots/x86_64-fslcsdk-linux/usr/share/cmake-3.19/Modules/CMakeCCompilerABI.c]
  ignore line: [Using built-in specs.]
  ignore line: [COLLECT_GCC=/opt/fslc-wayland/3.3/sysroots/x86_64-fslcsdk-linux/usr/bin/aarch64-fslc-linux/aarch64-fslc-linux-gcc]
  ignore line: [Target: aarch64-fslc-linux]
  ignore line: [Configured with: ../../../../../../work-shared/gcc-10.2.0-r0/gcc-10.2.0/configure --build=x86_64-linux --host=x86_64-fslcsdk-linux --target=aarch64-fslc-linux --prefix=/opt/fslc-wayland/3.3/sysroots/x86_64-fslcsdk-linux/usr --exec_prefix=/opt/fslc-wayland/3.3/sysroots/x86_64-fslcsdk-linux/usr --bindir=/opt/fslc-wayland/3.3/sysroots/x86_64-fslcsdk-linux/usr/bin/aarch64-fslc-linux --sbindir=/opt/fslc-wayland/3.3/sysroots/x86_64-fslcsdk-linux/usr/bin/aarch64-fslc-linux --libexecdir=/opt/fslc-wayland/3.3/sysroots/x86_64-fslcsdk-linux/usr/libexec/aarch64-fslc-linux --datadir=/opt/fslc-wayland/3.3/sysroots/x86_64-fslcsdk-linux/usr/share --sysconfdir=/opt/fslc-wayland/3.3/sysroots/x86_64-fslcsdk-linux/etc --sharedstatedir=/opt/fslc-wayland/3.3/sysroots/x86_64-fslcsdk-linux/com --localstatedir=/opt/fslc-wayland/3.3/sysroots/x86_64-fslcsdk-linux/var --libdir=/opt/fslc-wayland/3.3/sysroots/x86_64-fslcsdk-linux/usr/lib/aarch64-fslc-linux --includedir=/opt/fslc-wayland/3.3/sysroots/x86_64-fslcsdk-linux/usr/include --oldincludedir=/opt/fslc-wayland/3.3/sysroots/x86_64-fslcsdk-linux/usr/include --infodir=/opt/fslc-wayland/3.3/sysroots/x86_64-fslcsdk-linux/usr/share/info --mandir=/opt/fslc-wayland/3.3/sysroots/x86_64-fslcsdk-linux/usr/share/man --disable-silent-rules --disable-dependency-tracking --with-libtool-sysroot=/home/yeon/var-fslc-yocto/build_wayland/tmp/work/x86_64-nativesdk-fslcsdk-linux/gcc-cross-canadian-aarch64/10.2.0-r0/recipe-sysroot --with-gnu-ld --enable-shared --enable-languages=c,c++ --enable-threads=posix --enable-multilib --enable-default-pie --enable-c99 --enable-long-long --enable-symvers=gnu --enable-libstdcxx-pch --program-prefix=aarch64-fslc-linux- --without-local-prefix --disable-install-libiberty --disable-libssp --enable-libitm --enable-lto --disable-bootstrap --with-system-zlib --with-linker-hash-style=gnu --enable-linker-build-id --with-ppl=no --with-cloog=no --enable-checking=release --enable-cheaders=c_global --without-isl --with-gxx-include-dir=/not/exist/usr/include/c++/10.2.0 --with-build-time-tools=/home/yeon/var-fslc-yocto/build_wayland/tmp/work/x86_64-nativesdk-fslcsdk-linux/gcc-cross-canadian-aarch64/10.2.0-r0/recipe-sysroot-native/usr/aarch64-fslc-linux/bin --with-sysroot=/not/exist --with-build-sysroot=/home/yeon/var-fslc-yocto/build_wayland/tmp/work/x86_64-nativesdk-fslcsdk-linux/gcc-cross-canadian-aarch64/10.2.0-r0/recipe-sysroot --enable-poison-system-directories --disable-static --enable-nls --with-glibc-version=2.28 --enable-initfini-array --enable-__cxa_atexit]
  ignore line: [Thread model: posix]
  ignore line: [Supported LTO compression algorithms: zlib]
  ignore line: [gcc version 10.2.0 (GCC) ]
  ignore line: [COLLECT_GCC_OPTIONS='--sysroot=/opt/fslc-wayland/3.3/sysroots/cortexa53-crypto-fslc-linux' '-mcpu=cortex-a53' '-march=armv8-a+crc+crypto' '-fstack-protector-strong' '-O2' '-D' '_FORTIFY_SOURCE=2' '-Wformat=1' '-Wformat-security' '-Werror=format-security' '-O2' '-pipe' '-g' '-feliminate-unused-debug-types' '-v' '-o' 'CMakeFiles/cmTC_be763.dir/CMakeCCompilerABI.c.o' '-c' '-mlittle-endian' '-mabi=lp64']
  ignore line: [ /opt/fslc-wayland/3.3/sysroots/x86_64-fslcsdk-linux/usr/libexec/aarch64-fslc-linux/gcc/aarch64-fslc-linux/10.2.0/cc1 -quiet -v -isysroot /opt/fslc-wayland/3.3/sysroots/cortexa53-crypto-fslc-linux -D _FORTIFY_SOURCE=2 /opt/fslc-wayland/3.3/sysroots/x86_64-fslcsdk-linux/usr/share/cmake-3.19/Modules/CMakeCCompilerABI.c -quiet -dumpbase CMakeCCompilerABI.c -mcpu=cortex-a53 -march=armv8-a+crc+crypto -mlittle-endian -mabi=lp64 -auxbase-strip CMakeFiles/cmTC_be763.dir/CMakeCCompilerABI.c.o -g -O2 -O2 -Wformat=1 -Wformat-security -Werror=format-security -version -fstack-protector-strong -feliminate-unused-debug-types -o - |]
  ignore line: [ /opt/fslc-wayland/3.3/sysroots/x86_64-fslcsdk-linux/usr/libexec/aarch64-fslc-linux/gcc/aarch64-fslc-linux/10.2.0/as -v -EL -march=armv8-a+crc+crypto -march=armv8-a+crc -mabi=lp64 -o CMakeFiles/cmTC_be763.dir/CMakeCCompilerABI.c.o]
  ignore line: [GNU assembler version 2.36.1 (aarch64-fslc-linux) using BFD version (GNU Binutils) 2.36.1.20210209]
  ignore line: [GNU C17 (GCC) version 10.2.0 (aarch64-fslc-linux)]
  ignore line: [	compiled by GNU C version 10.2.0  GMP version 6.2.1  MPFR version 4.1.0  MPC version 1.2.1  isl version none]
  ignore line: [GGC heuristics: --param ggc-min-expand=100 --param ggc-min-heapsize=131072]
  ignore line: [ignoring nonexistent directory "/opt/fslc-wayland/3.3/sysroots/cortexa53-crypto-fslc-linux/usr/local/include"]
  ignore line: [ignoring nonexistent directory "/opt/fslc-wayland/3.3/sysroots/x86_64-fslcsdk-linux/usr/lib/aarch64-fslc-linux/gcc/aarch64-fslc-linux/10.2.0/../../../../../aarch64-fslc-linux/include"]
  ignore line: [#include "..." search starts here:]
  ignore line: [#include <...> search starts here:]
  ignore line: [ /opt/fslc-wayland/3.3/sysroots/x86_64-fslcsdk-linux/usr/lib/aarch64-fslc-linux/gcc/aarch64-fslc-linux/10.2.0/include]
  ignore line: [ /opt/fslc-wayland/3.3/sysroots/cortexa53-crypto-fslc-linux/usr/lib/aarch64-fslc-linux/10.2.0/include]
  ignore line: [ /opt/fslc-wayland/3.3/sysroots/x86_64-fslcsdk-linux/usr/lib/aarch64-fslc-linux/gcc/aarch64-fslc-linux/10.2.0/include-fixed]
  ignore line: [ /opt/fslc-wayland/3.3/sysroots/cortexa53-crypto-fslc-linux/usr/include/]
  ignore line: [End of search list.]
  ignore line: [GNU C17 (GCC) version 10.2.0 (aarch64-fslc-linux)]
  ignore line: [	compiled by GNU C version 10.2.0  GMP version 6.2.1  MPFR version 4.1.0  MPC version 1.2.1  isl version none]
  ignore line: [GGC heuristics: --param ggc-min-expand=100 --param ggc-min-heapsize=131072]
  ignore line: [Compiler executable checksum: b64389bbecd91501d6e2b3e70d0b09aa]
  ignore line: [COMPILER_PATH=/opt/fslc-wayland/3.3/sysroots/x86_64-fslcsdk-linux/usr/libexec/aarch64-fslc-linux/gcc/aarch64-fslc-linux/10.2.0/:/opt/fslc-wayland/3.3/sysroots/x86_64-fslcsdk-linux/usr/libexec/aarch64-fslc-linux/gcc/aarch64-fslc-linux/10.2.0/:/opt/fslc-wayland/3.3/sysroots/x86_64-fslcsdk-linux/usr/libexec/aarch64-fslc-linux/gcc/aarch64-fslc-linux/:/opt/fslc-wayland/3.3/sysroots/x86_64-fslcsdk-linux/usr/lib/aarch64-fslc-linux/gcc/aarch64-fslc-linux/10.2.0/:/opt/fslc-wayland/3.3/sysroots/x86_64-fslcsdk-linux/usr/lib/aarch64-fslc-linux/gcc/aarch64-fslc-linux/]
  ignore line: [LIBRARY_PATH=/opt/fslc-wayland/3.3/sysroots/x86_64-fslcsdk-linux/usr/lib/aarch64-fslc-linux/gcc/aarch64-fslc-linux/10.2.0/:/opt/fslc-wayland/3.3/sysroots/cortexa53-crypto-fslc-linux/lib/:/opt/fslc-wayland/3.3/sysroots/cortexa53-crypto-fslc-linux/usr/lib/aarch64-fslc-linux/10.2.0/:/opt/fslc-wayland/3.3/sysroots/cortexa53-crypto-fslc-linux/usr/lib/]
  ignore line: [COLLECT_GCC_OPTIONS='--sysroot=/opt/fslc-wayland/3.3/sysroots/cortexa53-crypto-fslc-linux' '-mcpu=cortex-a53' '-march=armv8-a+crc+crypto' '-fstack-protector-strong' '-O2' '-D' '_FORTIFY_SOURCE=2' '-Wformat=1' '-Wformat-security' '-Werror=format-security' '-O2' '-pipe' '-g' '-feliminate-unused-debug-types' '-v' '-o' 'CMakeFiles/cmTC_be763.dir/CMakeCCompilerABI.c.o' '-c' '-mlittle-endian' '-mabi=lp64']
  ignore line: [Linking C executable cmTC_be763]
  ignore line: [/opt/fslc-wayland/3.3/sysroots/x86_64-fslcsdk-linux/usr/bin/cmake -E cmake_link_script CMakeFiles/cmTC_be763.dir/link.txt --verbose=1]
  ignore line: [/opt/fslc-wayland/3.3/sysroots/x86_64-fslcsdk-linux/usr/bin/aarch64-fslc-linux/aarch64-fslc-linux-gcc   -mcpu=cortex-a53 -march=armv8-a+crc+crypto -fstack-protector-strong  -O2 -D_FORTIFY_SOURCE=2 -Wformat -Wformat-security -Werror=format-security --sysroot=/opt/fslc-wayland/3.3/sysroots/cortexa53-crypto-fslc-linux --sysroot=/opt/fslc-wayland/3.3/sysroots/cortexa53-crypto-fslc-linux  -O2 -pipe -g -feliminate-unused-debug-types   -Wl -O1 -Wl --hash-style=gnu -Wl --as-needed -Wl -z relro -z now -v -rdynamic CMakeFiles/cmTC_be763.dir/CMakeCCompilerABI.c.o -o cmTC_be763 ]
  ignore line: [Using built-in specs.]
  ignore line: [COLLECT_GCC=/opt/fslc-wayland/3.3/sysroots/x86_64-fslcsdk-linux/usr/bin/aarch64-fslc-linux/aarch64-fslc-linux-gcc]
  ignore line: [COLLECT_LTO_WRAPPER=/opt/fslc-wayland/3.3/sysroots/x86_64-fslcsdk-linux/usr/libexec/aarch64-fslc-linux/gcc/aarch64-fslc-linux/10.2.0/lto-wrapper]
  ignore line: [Target: aarch64-fslc-linux]
  ignore line: [Configured with: ../../../../../../work-shared/gcc-10.2.0-r0/gcc-10.2.0/configure --build=x86_64-linux --host=x86_64-fslcsdk-linux --target=aarch64-fslc-linux --prefix=/opt/fslc-wayland/3.3/sysroots/x86_64-fslcsdk-linux/usr --exec_prefix=/opt/fslc-wayland/3.3/sysroots/x86_64-fslcsdk-linux/usr --bindir=/opt/fslc-wayland/3.3/sysroots/x86_64-fslcsdk-linux/usr/bin/aarch64-fslc-linux --sbindir=/opt/fslc-wayland/3.3/sysroots/x86_64-fslcsdk-linux/usr/bin/aarch64-fslc-linux --libexecdir=/opt/fslc-wayland/3.3/sysroots/x86_64-fslcsdk-linux/usr/libexec/aarch64-fslc-linux --datadir=/opt/fslc-wayland/3.3/sysroots/x86_64-fslcsdk-linux/usr/share --sysconfdir=/opt/fslc-wayland/3.3/sysroots/x86_64-fslcsdk-linux/etc --sharedstatedir=/opt/fslc-wayland/3.3/sysroots/x86_64-fslcsdk-linux/com --localstatedir=/opt/fslc-wayland/3.3/sysroots/x86_64-fslcsdk-linux/var --libdir=/opt/fslc-wayland/3.3/sysroots/x86_64-fslcsdk-linux/usr/lib/aarch64-fslc-linux --includedir=/opt/fslc-wayland/3.3/sysroots/x86_64-fslcsdk-linux/usr/include --oldincludedir=/opt/fslc-wayland/3.3/sysroots/x86_64-fslcsdk-linux/usr/include --infodir=/opt/fslc-wayland/3.3/sysroots/x86_64-fslcsdk-linux/usr/share/info --mandir=/opt/fslc-wayland/3.3/sysroots/x86_64-fslcsdk-linux/usr/share/man --disable-silent-rules --disable-dependency-tracking --with-libtool-sysroot=/home/yeon/var-fslc-yocto/build_wayland/tmp/work/x86_64-nativesdk-fslcsdk-linux/gcc-cross-canadian-aarch64/10.2.0-r0/recipe-sysroot --with-gnu-ld --enable-shared --enable-languages=c,c++ --enable-threads=posix --enable-multilib --enable-default-pie --enable-c99 --enable-long-long --enable-symvers=gnu --enable-libstdcxx-pch --program-prefix=aarch64-fslc-linux- --without-local-prefix --disable-install-libiberty --disable-libssp --enable-libitm --enable-lto --disable-bootstrap --with-system-zlib --with-linker-hash-style=gnu --enable-linker-build-id --with-ppl=no --with-cloog=no --enable-checking=release --enable-cheaders=c_global --without-isl --with-gxx-include-dir=/not/exist/usr/include/c++/10.2.0 --with-build-time-tools=/home/yeon/var-fslc-yocto/build_wayland/tmp/work/x86_64-nativesdk-fslcsdk-linux/gcc-cross-canadian-aarch64/10.2.0-r0/recipe-sysroot-native/usr/aarch64-fslc-linux/bin --with-sysroot=/not/exist --with-build-sysroot=/home/yeon/var-fslc-yocto/build_wayland/tmp/work/x86_64-nativesdk-fslcsdk-linux/gcc-cross-canadian-aarch64/10.2.0-r0/recipe-sysroot --enable-poison-system-directories --disable-static --enable-nls --with-glibc-version=2.28 --enable-initfini-array --enable-__cxa_atexit]
  ignore line: [Thread model: posix]
  ignore line: [Supported LTO compression algorithms: zlib]
  ignore line: [gcc version 10.2.0 (GCC) ]
  ignore line: [COMPILER_PATH=/opt/fslc-wayland/3.3/sysroots/x86_64-fslcsdk-linux/usr/libexec/aarch64-fslc-linux/gcc/aarch64-fslc-linux/10.2.0/:/opt/fslc-wayland/3.3/sysroots/x86_64-fslcsdk-linux/usr/libexec/aarch64-fslc-linux/gcc/aarch64-fslc-linux/10.2.0/:/opt/fslc-wayland/3.3/sysroots/x86_64-fslcsdk-linux/usr/libexec/aarch64-fslc-linux/gcc/aarch64-fslc-linux/:/opt/fslc-wayland/3.3/sysroots/x86_64-fslcsdk-linux/usr/lib/aarch64-fslc-linux/gcc/aarch64-fslc-linux/10.2.0/:/opt/fslc-wayland/3.3/sysroots/x86_64-fslcsdk-linux/usr/lib/aarch64-fslc-linux/gcc/aarch64-fslc-linux/]
  ignore line: [LIBRARY_PATH=/opt/fslc-wayland/3.3/sysroots/x86_64-fslcsdk-linux/usr/lib/aarch64-fslc-linux/gcc/aarch64-fslc-linux/10.2.0/:/opt/fslc-wayland/3.3/sysroots/cortexa53-crypto-fslc-linux/lib/:/opt/fslc-wayland/3.3/sysroots/cortexa53-crypto-fslc-linux/usr/lib/aarch64-fslc-linux/10.2.0/:/opt/fslc-wayland/3.3/sysroots/cortexa53-crypto-fslc-linux/usr/lib/]
  ignore line: [COLLECT_GCC_OPTIONS='--sysroot=/opt/fslc-wayland/3.3/sysroots/cortexa53-crypto-fslc-linux' '-mcpu=cortex-a53' '-march=armv8-a+crc+crypto' '-fstack-protector-strong' '-O2' '-D' '_FORTIFY_SOURCE=2' '-Wformat=1' '-Wformat-security' '-Werror=format-security' '-O2' '-pipe' '-g' '-feliminate-unused-debug-types' '-v' '-rdynamic' '-o' 'cmTC_be763' '-mlittle-endian' '-mabi=lp64']
  link line: [ /opt/fslc-wayland/3.3/sysroots/x86_64-fslcsdk-linux/usr/libexec/aarch64-fslc-linux/gcc/aarch64-fslc-linux/10.2.0/collect2 -plugin /opt/fslc-wayland/3.3/sysroots/x86_64-fslcsdk-linux/usr/libexec/aarch64-fslc-linux/gcc/aarch64-fslc-linux/10.2.0/liblto_plugin.so -plugin-opt=/opt/fslc-wayland/3.3/sysroots/x86_64-fslcsdk-linux/usr/libexec/aarch64-fslc-linux/gcc/aarch64-fslc-linux/10.2.0/lto-wrapper -plugin-opt=-fresolution=/tmp/ccSoDLmd.res -plugin-opt=-pass-through=-lgcc -plugin-opt=-pass-through=-lgcc_s -plugin-opt=-pass-through=-lc -plugin-opt=-pass-through=-lgcc -plugin-opt=-pass-through=-lgcc_s --sysroot=/opt/fslc-wayland/3.3/sysroots/cortexa53-crypto-fslc-linux --build-id --eh-frame-hdr --hash-style=gnu -export-dynamic -dynamic-linker /lib/ld-linux-aarch64.so.1 -X -EL -maarch64linux -pie -o cmTC_be763 /opt/fslc-wayland/3.3/sysroots/cortexa53-crypto-fslc-linux/usr/lib/Scrt1.o /opt/fslc-wayland/3.3/sysroots/cortexa53-crypto-fslc-linux/usr/lib/crti.o /opt/fslc-wayland/3.3/sysroots/cortexa53-crypto-fslc-linux/usr/lib/aarch64-fslc-linux/10.2.0/crtbeginS.o -L/opt/fslc-wayland/3.3/sysroots/x86_64-fslcsdk-linux/usr/lib/aarch64-fslc-linux/gcc/aarch64-fslc-linux/10.2.0 -L/opt/fslc-wayland/3.3/sysroots/cortexa53-crypto-fslc-linux/lib -L/opt/fslc-wayland/3.3/sysroots/cortexa53-crypto-fslc-linux/usr/lib/aarch64-fslc-linux/10.2.0 -L/opt/fslc-wayland/3.3/sysroots/cortexa53-crypto-fslc-linux/usr/lib -O1 --hash-style=gnu --as-needed -z relro -z now CMakeFiles/cmTC_be763.dir/CMakeCCompilerABI.c.o -lgcc --push-state --as-needed -lgcc_s --pop-state -lc -lgcc --push-state --as-needed -lgcc_s --pop-state /opt/fslc-wayland/3.3/sysroots/cortexa53-crypto-fslc-linux/usr/lib/aarch64-fslc-linux/10.2.0/crtendS.o /opt/fslc-wayland/3.3/sysroots/cortexa53-crypto-fslc-linux/usr/lib/crtn.o]
    arg [/opt/fslc-wayland/3.3/sysroots/x86_64-fslcsdk-linux/usr/libexec/aarch64-fslc-linux/gcc/aarch64-fslc-linux/10.2.0/collect2] ==> ignore
    arg [-plugin] ==> ignore
    arg [/opt/fslc-wayland/3.3/sysroots/x86_64-fslcsdk-linux/usr/libexec/aarch64-fslc-linux/gcc/aarch64-fslc-linux/10.2.0/liblto_plugin.so] ==> ignore
    arg [-plugin-opt=/opt/fslc-wayland/3.3/sysroots/x86_64-fslcsdk-linux/usr/libexec/aarch64-fslc-linux/gcc/aarch64-fslc-linux/10.2.0/lto-wrapper] ==> ignore
    arg [-plugin-opt=-fresolution=/tmp/ccSoDLmd.res] ==> ignore
    arg [-plugin-opt=-pass-through=-lgcc] ==> ignore
    arg [-plugin-opt=-pass-through=-lgcc_s] ==> ignore
    arg [-plugin-opt=-pass-through=-lc] ==> ignore
    arg [-plugin-opt=-pass-through=-lgcc] ==> ignore
    arg [-plugin-opt=-pass-through=-lgcc_s] ==> ignore
    arg [--sysroot=/opt/fslc-wayland/3.3/sysroots/cortexa53-crypto-fslc-linux] ==> ignore
    arg [--build-id] ==> ignore
    arg [--eh-frame-hdr] ==> ignore
    arg [--hash-style=gnu] ==> ignore
    arg [-export-dynamic] ==> ignore
    arg [-dynamic-linker] ==> ignore
    arg [/lib/ld-linux-aarch64.so.1] ==> ignore
    arg [-X] ==> ignore
    arg [-EL] ==> ignore
    arg [-maarch64linux] ==> ignore
    arg [-pie] ==> ignore
    arg [-o] ==> ignore
    arg [cmTC_be763] ==> ignore
    arg [/opt/fslc-wayland/3.3/sysroots/cortexa53-crypto-fslc-linux/usr/lib/Scrt1.o] ==> ignore
    arg [/opt/fslc-wayland/3.3/sysroots/cortexa53-crypto-fslc-linux/usr/lib/crti.o] ==> ignore
    arg [/opt/fslc-wayland/3.3/sysroots/cortexa53-crypto-fslc-linux/usr/lib/aarch64-fslc-linux/10.2.0/crtbeginS.o] ==> ignore
    arg [-L/opt/fslc-wayland/3.3/sysroots/x86_64-fslcsdk-linux/usr/lib/aarch64-fslc-linux/gcc/aarch64-fslc-linux/10.2.0] ==> dir [/opt/fslc-wayland/3.3/sysroots/x86_64-fslcsdk-linux/usr/lib/aarch64-fslc-linux/gcc/aarch64-fslc-linux/10.2.0]
    arg [-L/opt/fslc-wayland/3.3/sysroots/cortexa53-crypto-fslc-linux/lib] ==> dir [/opt/fslc-wayland/3.3/sysroots/cortexa53-crypto-fslc-linux/lib]
    arg [-L/opt/fslc-wayland/3.3/sysroots/cortexa53-crypto-fslc-linux/usr/lib/aarch64-fslc-linux/10.2.0] ==> dir [/opt/fslc-wayland/3.3/sysroots/cortexa53-crypto-fslc-linux/usr/lib/aarch64-fslc-linux/10.2.0]
    arg [-L/opt/fslc-wayland/3.3/sysroots/cortexa53-crypto-fslc-linux/usr/lib] ==> dir [/opt/fslc-wayland/3.3/sysroots/cortexa53-crypto-fslc-linux/usr/lib]
    arg [-O1] ==> ignore
    arg [--hash-style=gnu] ==> ignore
    arg [--as-needed] ==> ignore
    arg [-zrelro] ==> ignore
    arg [-znow] ==> ignore
    arg [CMakeFiles/cmTC_be763.dir/CMakeCCompilerABI.c.o] ==> ignore
    arg [-lgcc] ==> lib [gcc]
    arg [--push-state] ==> ignore
    arg [--as-needed] ==> ignore
    arg [-lgcc_s] ==> lib [gcc_s]
    arg [--pop-state] ==> ignore
    arg [-lc] ==> lib [c]
    arg [-lgcc] ==> lib [gcc]
    arg [--push-state] ==> ignore
    arg [--as-needed] ==> ignore
    arg [-lgcc_s] ==> lib [gcc_s]
    arg [--pop-state] ==> ignore
    arg [/opt/fslc-wayland/3.3/sysroots/cortexa53-crypto-fslc-linux/usr/lib/aarch64-fslc-linux/10.2.0/crtendS.o] ==> ignore
    arg [/opt/fslc-wayland/3.3/sysroots/cortexa53-crypto-fslc-linux/usr/lib/crtn.o] ==> ignore
  collapse library dir [/opt/fslc-wayland/3.3/sysroots/x86_64-fslcsdk-linux/usr/lib/aarch64-fslc-linux/gcc/aarch64-fslc-linux/10.2.0] ==> [/opt/fslc-wayland/3.3/sysroots/x86_64-fslcsdk-linux/usr/lib/aarch64-fslc-linux/gcc/aarch64-fslc-linux/10.2.0]
  collapse library dir [/opt/fslc-wayland/3.3/sysroots/cortexa53-crypto-fslc-linux/lib] ==> [/opt/fslc-wayland/3.3/sysroots/cortexa53-crypto-fslc-linux/lib]
  collapse library dir [/opt/fslc-wayland/3.3/sysroots/cortexa53-crypto-fslc-linux/usr/lib/aarch64-fslc-linux/10.2.0] ==> [/opt/fslc-wayland/3.3/sysroots/cortexa53-crypto-fslc-linux/usr/lib/aarch64-fslc-linux/10.2.0]
  collapse library dir [/opt/fslc-wayland/3.3/sysroots/cortexa53-crypto-fslc-linux/usr/lib] ==> [/opt/fslc-wayland/3.3/sysroots/cortexa53-crypto-fslc-linux/usr/lib]
  implicit libs: [gcc;gcc_s;c;gcc;gcc_s]
  implicit dirs: [/opt/fslc-wayland/3.3/sysroots/x86_64-fslcsdk-linux/usr/lib/aarch64-fslc-linux/gcc/aarch64-fslc-linux/10.2.0;/opt/fslc-wayland/3.3/sysroots/cortexa53-crypto-fslc-linux/lib;/opt/fslc-wayland/3.3/sysroots/cortexa53-crypto-fslc-linux/usr/lib/aarch64-fslc-linux/10.2.0;/opt/fslc-wayland/3.3/sysroots/cortexa53-crypto-fslc-linux/usr/lib]
  implicit fwks: []


Detecting CXX compiler ABI info compiled with the following output:
Change Dir: /home/yeon/Project/PDU/PDU_220406/src/CMakeFiles/CMakeTmp

Run Build Command(s):/usr/bin/make cmTC_4e38c/fast && /usr/bin/make  -f CMakeFiles/cmTC_4e38c.dir/build.make CMakeFiles/cmTC_4e38c.dir/build
make[1]: Entering directory '/home/yeon/Project/PDU/PDU_220406/src/CMakeFiles/CMakeTmp'
Building CXX object CMakeFiles/cmTC_4e38c.dir/CMakeCXXCompilerABI.cpp.o
/opt/fslc-wayland/3.3/sysroots/x86_64-fslcsdk-linux/usr/bin/aarch64-fslc-linux/aarch64-fslc-linux-g++   -mcpu=cortex-a53 -march=armv8-a+crc+crypto -fstack-protector-strong  -O2 -D_FORTIFY_SOURCE=2 -Wformat -Wformat-security -Werror=format-security --sysroot=/opt/fslc-wayland/3.3/sysroots/cortexa53-crypto-fslc-linux --sysroot=/opt/fslc-wayland/3.3/sysroots/cortexa53-crypto-fslc-linux   -O2 -pipe -g -feliminate-unused-debug-types     -v -o CMakeFiles/cmTC_4e38c.dir/CMakeCXXCompilerABI.cpp.o -c /opt/fslc-wayland/3.3/sysroots/x86_64-fslcsdk-linux/usr/share/cmake-3.19/Modules/CMakeCXXCompilerABI.cpp
Using built-in specs.
COLLECT_GCC=/opt/fslc-wayland/3.3/sysroots/x86_64-fslcsdk-linux/usr/bin/aarch64-fslc-linux/aarch64-fslc-linux-g++
Target: aarch64-fslc-linux
Configured with: ../../../../../../work-shared/gcc-10.2.0-r0/gcc-10.2.0/configure --build=x86_64-linux --host=x86_64-fslcsdk-linux --target=aarch64-fslc-linux --prefix=/opt/fslc-wayland/3.3/sysroots/x86_64-fslcsdk-linux/usr --exec_prefix=/opt/fslc-wayland/3.3/sysroots/x86_64-fslcsdk-linux/usr --bindir=/opt/fslc-wayland/3.3/sysroots/x86_64-fslcsdk-linux/usr/bin/aarch64-fslc-linux --sbindir=/opt/fslc-wayland/3.3/sysroots/x86_64-fslcsdk-linux/usr/bin/aarch64-fslc-linux --libexecdir=/opt/fslc-wayland/3.3/sysroots/x86_64-fslcsdk-linux/usr/libexec/aarch64-fslc-linux --datadir=/opt/fslc-wayland/3.3/sysroots/x86_64-fslcsdk-linux/usr/share --sysconfdir=/opt/fslc-wayland/3.3/sysroots/x86_64-fslcsdk-linux/etc --sharedstatedir=/opt/fslc-wayland/3.3/sysroots/x86_64-fslcsdk-linux/com --localstatedir=/opt/fslc-wayland/3.3/sysroots/x86_64-fslcsdk-linux/var --libdir=/opt/fslc-wayland/3.3/sysroots/x86_64-fslcsdk-linux/usr/lib/aarch64-fslc-linux --includedir=/opt/fslc-wayland/3.3/sysroots/x86_64-fslcsdk-linux/usr/include --oldincludedir=/opt/fslc-wayland/3.3/sysroots/x86_64-fslcsdk-linux/usr/include --infodir=/opt/fslc-wayland/3.3/sysroots/x86_64-fslcsdk-linux/usr/share/info --mandir=/opt/fslc-wayland/3.3/sysroots/x86_64-fslcsdk-linux/usr/share/man --disable-silent-rules --disable-dependency-tracking --with-libtool-sysroot=/home/yeon/var-fslc-yocto/build_wayland/tmp/work/x86_64-nativesdk-fslcsdk-linux/gcc-cross-canadian-aarch64/10.2.0-r0/recipe-sysroot --with-gnu-ld --enable-shared --enable-languages=c,c++ --enable-threads=posix --enable-multilib --enable-default-pie --enable-c99 --enable-long-long --enable-symvers=gnu --enable-libstdcxx-pch --program-prefix=aarch64-fslc-linux- --without-local-prefix --disable-install-libiberty --disable-libssp --enable-libitm --enable-lto --disable-bootstrap --with-system-zlib --with-linker-hash-style=gnu --enable-linker-build-id --with-ppl=no --with-cloog=no --enable-checking=release --enable-cheaders=c_global --without-isl --with-gxx-include-dir=/not/exist/usr/include/c++/10.2.0 --with-build-time-tools=/home/yeon/var-fslc-yocto/build_wayland/tmp/work/x86_64-nativesdk-fslcsdk-linux/gcc-cross-canadian-aarch64/10.2.0-r0/recipe-sysroot-native/usr/aarch64-fslc-linux/bin --with-sysroot=/not/exist --with-build-sysroot=/home/yeon/var-fslc-yocto/build_wayland/tmp/work/x86_64-nativesdk-fslcsdk-linux/gcc-cross-canadian-aarch64/10.2.0-r0/recipe-sysroot --enable-poison-system-directories --disable-static --enable-nls --with-glibc-version=2.28 --enable-initfini-array --enable-__cxa_atexit
Thread model: posix
Supported LTO compression algorithms: zlib
gcc version 10.2.0 (GCC) 
COLLECT_GCC_OPTIONS='--sysroot=/opt/fslc-wayland/3.3/sysroots/cortexa53-crypto-fslc-linux' '-mcpu=cortex-a53' '-march=armv8-a+crc+crypto' '-fstack-protector-strong' '-O2' '-D' '_FORTIFY_SOURCE=2' '-Wformat=1' '-Wformat-security' '-Werror=format-security' '-O2' '-pipe' '-g' '-feliminate-unused-debug-types' '-v' '-o' 'CMakeFiles/cmTC_4e38c.dir/CMakeCXXCompilerABI.cpp.o' '-c' '-shared-libgcc' '-mlittle-endian' '-mabi=lp64'
 /opt/fslc-wayland/3.3/sysroots/x86_64-fslcsdk-linux/usr/libexec/aarch64-fslc-linux/gcc/aarch64-fslc-linux/10.2.0/cc1plus -quiet -v -isysroot /opt/fslc-wayland/3.3/sysroots/cortexa53-crypto-fslc-linux -D_GNU_SOURCE -D _FORTIFY_SOURCE=2 /opt/fslc-wayland/3.3/sysroots/x86_64-fslcsdk-linux/usr/share/cmake-3.19/Modules/CMakeCXXCompilerABI.cpp -quiet -dumpbase CMakeCXXCompilerABI.cpp -mcpu=cortex-a53 -march=armv8-a+crc+crypto -mlittle-endian -mabi=lp64 -auxbase-strip CMakeFiles/cmTC_4e38c.dir/CMakeCXXCompilerABI.cpp.o -g -O2 -O2 -Wformat=1 -Wformat-security -Werror=format-security -version -fstack-protector-strong -feliminate-unused-debug-types -o - |
 /opt/fslc-wayland/3.3/sysroots/x86_64-fslcsdk-linux/usr/libexec/aarch64-fslc-linux/gcc/aarch64-fslc-linux/10.2.0/as -v -EL -march=armv8-a+crc+crypto -march=armv8-a+crc -mabi=lp64 -o CMakeFiles/cmTC_4e38c.dir/CMakeCXXCompilerABI.cpp.o
GNU assembler version 2.36.1 (aarch64-fslc-linux) using BFD version (GNU Binutils) 2.36.1.20210209
GNU C++14 (GCC) version 10.2.0 (aarch64-fslc-linux)
	compiled by GNU C version 10.2.0, GMP version 6.2.1, MPFR version 4.1.0, MPC version 1.2.1, isl version none
GGC heuristics: --param ggc-min-expand=100 --param ggc-min-heapsize=131072
ignoring nonexistent directory "/opt/fslc-wayland/3.3/sysroots/cortexa53-crypto-fslc-linux/usr/local/include"
ignoring nonexistent directory "/opt/fslc-wayland/3.3/sysroots/x86_64-fslcsdk-linux/usr/lib/aarch64-fslc-linux/gcc/aarch64-fslc-linux/10.2.0/../../../../../aarch64-fslc-linux/include"
#include "..." search starts here:
#include <...> search starts here:
 /opt/fslc-wayland/3.3/sysroots/cortexa53-crypto-fslc-linux/usr/include/c++/10.2.0
 /opt/fslc-wayland/3.3/sysroots/cortexa53-crypto-fslc-linux/usr/include/c++/10.2.0/aarch64-fslc-linux
 /opt/fslc-wayland/3.3/sysroots/cortexa53-crypto-fslc-linux/usr/include/c++/10.2.0/backward
 /opt/fslc-wayland/3.3/sysroots/x86_64-fslcsdk-linux/usr/lib/aarch64-fslc-linux/gcc/aarch64-fslc-linux/10.2.0/include
 /opt/fslc-wayland/3.3/sysroots/cortexa53-crypto-fslc-linux/usr/lib/aarch64-fslc-linux/10.2.0/include
 /opt/fslc-wayland/3.3/sysroots/x86_64-fslcsdk-linux/usr/lib/aarch64-fslc-linux/gcc/aarch64-fslc-linux/10.2.0/include-fixed
 /opt/fslc-wayland/3.3/sysroots/cortexa53-crypto-fslc-linux/usr/include/
End of search list.
GNU C++14 (GCC) version 10.2.0 (aarch64-fslc-linux)
	compiled by GNU C version 10.2.0, GMP version 6.2.1, MPFR version 4.1.0, MPC version 1.2.1, isl version none
GGC heuristics: --param ggc-min-expand=100 --param ggc-min-heapsize=131072
Compiler executable checksum: 962dd2d7571be4e31b76bb6a9e624f5e
COMPILER_PATH=/opt/fslc-wayland/3.3/sysroots/x86_64-fslcsdk-linux/usr/libexec/aarch64-fslc-linux/gcc/aarch64-fslc-linux/10.2.0/:/opt/fslc-wayland/3.3/sysroots/x86_64-fslcsdk-linux/usr/libexec/aarch64-fslc-linux/gcc/aarch64-fslc-linux/10.2.0/:/opt/fslc-wayland/3.3/sysroots/x86_64-fslcsdk-linux/usr/libexec/aarch64-fslc-linux/gcc/aarch64-fslc-linux/:/opt/fslc-wayland/3.3/sysroots/x86_64-fslcsdk-linux/usr/lib/aarch64-fslc-linux/gcc/aarch64-fslc-linux/10.2.0/:/opt/fslc-wayland/3.3/sysroots/x86_64-fslcsdk-linux/usr/lib/aarch64-fslc-linux/gcc/aarch64-fslc-linux/
LIBRARY_PATH=/opt/fslc-wayland/3.3/sysroots/x86_64-fslcsdk-linux/usr/lib/aarch64-fslc-linux/gcc/aarch64-fslc-linux/10.2.0/:/opt/fslc-wayland/3.3/sysroots/cortexa53-crypto-fslc-linux/lib/:/opt/fslc-wayland/3.3/sysroots/cortexa53-crypto-fslc-linux/usr/lib/aarch64-fslc-linux/10.2.0/:/opt/fslc-wayland/3.3/sysroots/cortexa53-crypto-fslc-linux/usr/lib/
COLLECT_GCC_OPTIONS='--sysroot=/opt/fslc-wayland/3.3/sysroots/cortexa53-crypto-fslc-linux' '-mcpu=cortex-a53' '-march=armv8-a+crc+crypto' '-fstack-protector-strong' '-O2' '-D' '_FORTIFY_SOURCE=2' '-Wformat=1' '-Wformat-security' '-Werror=format-security' '-O2' '-pipe' '-g' '-feliminate-unused-debug-types' '-v' '-o' 'CMakeFiles/cmTC_4e38c.dir/CMakeCXXCompilerABI.cpp.o' '-c' '-shared-libgcc' '-mlittle-endian' '-mabi=lp64'
Linking CXX executable cmTC_4e38c
/opt/fslc-wayland/3.3/sysroots/x86_64-fslcsdk-linux/usr/bin/cmake -E cmake_link_script CMakeFiles/cmTC_4e38c.dir/link.txt --verbose=1
/opt/fslc-wayland/3.3/sysroots/x86_64-fslcsdk-linux/usr/bin/aarch64-fslc-linux/aarch64-fslc-linux-g++   -mcpu=cortex-a53 -march=armv8-a+crc+crypto -fstack-protector-strong  -O2 -D_FORTIFY_SOURCE=2 -Wformat -Wformat-security -Werror=format-security --sysroot=/opt/fslc-wayland/3.3/sysroots/cortexa53-crypto-fslc-linux --sysroot=/opt/fslc-wayland/3.3/sysroots/cortexa53-crypto-fslc-linux  -O2 -pipe -g -feliminate-unused-debug-types   -Wl,-O1 -Wl,--hash-style=gnu -Wl,--as-needed -Wl,-z,relro,-z,now -v -rdynamic CMakeFiles/cmTC_4e38c.dir/CMakeCXXCompilerABI.cpp.o -o cmTC_4e38c 
Using built-in specs.
COLLECT_GCC=/opt/fslc-wayland/3.3/sysroots/x86_64-fslcsdk-linux/usr/bin/aarch64-fslc-linux/aarch64-fslc-linux-g++
COLLECT_LTO_WRAPPER=/opt/fslc-wayland/3.3/sysroots/x86_64-fslcsdk-linux/usr/libexec/aarch64-fslc-linux/gcc/aarch64-fslc-linux/10.2.0/lto-wrapper
Target: aarch64-fslc-linux
Configured with: ../../../../../../work-shared/gcc-10.2.0-r0/gcc-10.2.0/configure --build=x86_64-linux --host=x86_64-fslcsdk-linux --target=aarch64-fslc-linux --prefix=/opt/fslc-wayland/3.3/sysroots/x86_64-fslcsdk-linux/usr --exec_prefix=/opt/fslc-wayland/3.3/sysroots/x86_64-fslcsdk-linux/usr --bindir=/opt/fslc-wayland/3.3/sysroots/x86_64-fslcsdk-linux/usr/bin/aarch64-fslc-linux --sbindir=/opt/fslc-wayland/3.3/sysroots/x86_64-fslcsdk-linux/usr/bin/aarch64-fslc-linux --libexecdir=/opt/fslc-wayland/3.3/sysroots/x86_64-fslcsdk-linux/usr/libexec/aarch64-fslc-linux --datadir=/opt/fslc-wayland/3.3/sysroots/x86_64-fslcsdk-linux/usr/share --sysconfdir=/opt/fslc-wayland/3.3/sysroots/x86_64-fslcsdk-linux/etc --sharedstatedir=/opt/fslc-wayland/3.3/sysroots/x86_64-fslcsdk-linux/com --localstatedir=/opt/fslc-wayland/3.3/sysroots/x86_64-fslcsdk-linux/var --libdir=/opt/fslc-wayland/3.3/sysroots/x86_64-fslcsdk-linux/usr/lib/aarch64-fslc-linux --includedir=/opt/fslc-wayland/3.3/sysroots/x86_64-fslcsdk-linux/usr/include --oldincludedir=/opt/fslc-wayland/3.3/sysroots/x86_64-fslcsdk-linux/usr/include --infodir=/opt/fslc-wayland/3.3/sysroots/x86_64-fslcsdk-linux/usr/share/info --mandir=/opt/fslc-wayland/3.3/sysroots/x86_64-fslcsdk-linux/usr/share/man --disable-silent-rules --disable-dependency-tracking --with-libtool-sysroot=/home/yeon/var-fslc-yocto/build_wayland/tmp/work/x86_64-nativesdk-fslcsdk-linux/gcc-cross-canadian-aarch64/10.2.0-r0/recipe-sysroot --with-gnu-ld --enable-shared --enable-languages=c,c++ --enable-threads=posix --enable-multilib --enable-default-pie --enable-c99 --enable-long-long --enable-symvers=gnu --enable-libstdcxx-pch --program-prefix=aarch64-fslc-linux- --without-local-prefix --disable-install-libiberty --disable-libssp --enable-libitm --enable-lto --disable-bootstrap --with-system-zlib --with-linker-hash-style=gnu --enable-linker-build-id --with-ppl=no --with-cloog=no --enable-checking=release --enable-cheaders=c_global --without-isl --with-gxx-include-dir=/not/exist/usr/include/c++/10.2.0 --with-build-time-tools=/home/yeon/var-fslc-yocto/build_wayland/tmp/work/x86_64-nativesdk-fslcsdk-linux/gcc-cross-canadian-aarch64/10.2.0-r0/recipe-sysroot-native/usr/aarch64-fslc-linux/bin --with-sysroot=/not/exist --with-build-sysroot=/home/yeon/var-fslc-yocto/build_wayland/tmp/work/x86_64-nativesdk-fslcsdk-linux/gcc-cross-canadian-aarch64/10.2.0-r0/recipe-sysroot --enable-poison-system-directories --disable-static --enable-nls --with-glibc-version=2.28 --enable-initfini-array --enable-__cxa_atexit
Thread model: posix
Supported LTO compression algorithms: zlib
gcc version 10.2.0 (GCC) 
COMPILER_PATH=/opt/fslc-wayland/3.3/sysroots/x86_64-fslcsdk-linux/usr/libexec/aarch64-fslc-linux/gcc/aarch64-fslc-linux/10.2.0/:/opt/fslc-wayland/3.3/sysroots/x86_64-fslcsdk-linux/usr/libexec/aarch64-fslc-linux/gcc/aarch64-fslc-linux/10.2.0/:/opt/fslc-wayland/3.3/sysroots/x86_64-fslcsdk-linux/usr/libexec/aarch64-fslc-linux/gcc/aarch64-fslc-linux/:/opt/fslc-wayland/3.3/sysroots/x86_64-fslcsdk-linux/usr/lib/aarch64-fslc-linux/gcc/aarch64-fslc-linux/10.2.0/:/opt/fslc-wayland/3.3/sysroots/x86_64-fslcsdk-linux/usr/lib/aarch64-fslc-linux/gcc/aarch64-fslc-linux/
LIBRARY_PATH=/opt/fslc-wayland/3.3/sysroots/x86_64-fslcsdk-linux/usr/lib/aarch64-fslc-linux/gcc/aarch64-fslc-linux/10.2.0/:/opt/fslc-wayland/3.3/sysroots/cortexa53-crypto-fslc-linux/lib/:/opt/fslc-wayland/3.3/sysroots/cortexa53-crypto-fslc-linux/usr/lib/aarch64-fslc-linux/10.2.0/:/opt/fslc-wayland/3.3/sysroots/cortexa53-crypto-fslc-linux/usr/lib/
COLLECT_GCC_OPTIONS='--sysroot=/opt/fslc-wayland/3.3/sysroots/cortexa53-crypto-fslc-linux' '-mcpu=cortex-a53' '-march=armv8-a+crc+crypto' '-fstack-protector-strong' '-O2' '-D' '_FORTIFY_SOURCE=2' '-Wformat=1' '-Wformat-security' '-Werror=format-security' '-O2' '-pipe' '-g' '-feliminate-unused-debug-types' '-v' '-rdynamic' '-o' 'cmTC_4e38c' '-shared-libgcc' '-mlittle-endian' '-mabi=lp64'
 /opt/fslc-wayland/3.3/sysroots/x86_64-fslcsdk-linux/usr/libexec/aarch64-fslc-linux/gcc/aarch64-fslc-linux/10.2.0/collect2 -plugin /opt/fslc-wayland/3.3/sysroots/x86_64-fslcsdk-linux/usr/libexec/aarch64-fslc-linux/gcc/aarch64-fslc-linux/10.2.0/liblto_plugin.so -plugin-opt=/opt/fslc-wayland/3.3/sysroots/x86_64-fslcsdk-linux/usr/libexec/aarch64-fslc-linux/gcc/aarch64-fslc-linux/10.2.0/lto-wrapper -plugin-opt=-fresolution=/tmp/ccUqorZ7.res -plugin-opt=-pass-through=-lgcc_s -plugin-opt=-pass-through=-lgcc -plugin-opt=-pass-through=-lc -plugin-opt=-pass-through=-lgcc_s -plugin-opt=-pass-through=-lgcc --sysroot=/opt/fslc-wayland/3.3/sysroots/cortexa53-crypto-fslc-linux --build-id --eh-frame-hdr --hash-style=gnu -export-dynamic -dynamic-linker /lib/ld-linux-aarch64.so.1 -X -EL -maarch64linux -pie -o cmTC_4e38c /opt/fslc-wayland/3.3/sysroots/cortexa53-crypto-fslc-linux/usr/lib/Scrt1.o /opt/fslc-wayland/3.3/sysroots/cortexa53-crypto-fslc-linux/usr/lib/crti.o /opt/fslc-wayland/3.3/sysroots/cortexa53-crypto-fslc-linux/usr/lib/aarch64-fslc-linux/10.2.0/crtbeginS.o -L/opt/fslc-wayland/3.3/sysroots/x86_64-fslcsdk-linux/usr/lib/aarch64-fslc-linux/gcc/aarch64-fslc-linux/10.2.0 -L/opt/fslc-wayland/3.3/sysroots/cortexa53-crypto-fslc-linux/lib -L/opt/fslc-wayland/3.3/sysroots/cortexa53-crypto-fslc-linux/usr/lib/aarch64-fslc-linux/10.2.0 -L/opt/fslc-wayland/3.3/sysroots/cortexa53-crypto-fslc-linux/usr/lib -O1 --hash-style=gnu --as-needed -z relro -z now CMakeFiles/cmTC_4e38c.dir/CMakeCXXCompilerABI.cpp.o -lstdc++ -lm -lgcc_s -lgcc -lc -lgcc_s -lgcc /opt/fslc-wayland/3.3/sysroots/cortexa53-crypto-fslc-linux/usr/lib/aarch64-fslc-linux/10.2.0/crtendS.o /opt/fslc-wayland/3.3/sysroots/cortexa53-crypto-fslc-linux/usr/lib/crtn.o
COLLECT_GCC_OPTIONS='--sysroot=/opt/fslc-wayland/3.3/sysroots/cortexa53-crypto-fslc-linux' '-mcpu=cortex-a53' '-march=armv8-a+crc+crypto' '-fstack-protector-strong' '-O2' '-D' '_FORTIFY_SOURCE=2' '-Wformat=1' '-Wformat-security' '-Werror=format-security' '-O2' '-pipe' '-g' '-feliminate-unused-debug-types' '-v' '-rdynamic' '-o' 'cmTC_4e38c' '-shared-libgcc' '-mlittle-endian' '-mabi=lp64'
make[1]: Leaving directory '/home/yeon/Project/PDU/PDU_220406/src/CMakeFiles/CMakeTmp'



Parsed CXX implicit include dir info from above output: rv=done
  found start of include info
  found start of implicit include info
    add: [/opt/fslc-wayland/3.3/sysroots/cortexa53-crypto-fslc-linux/usr/include/c++/10.2.0]
    add: [/opt/fslc-wayland/3.3/sysroots/cortexa53-crypto-fslc-linux/usr/include/c++/10.2.0/aarch64-fslc-linux]
    add: [/opt/fslc-wayland/3.3/sysroots/cortexa53-crypto-fslc-linux/usr/include/c++/10.2.0/backward]
    add: [/opt/fslc-wayland/3.3/sysroots/x86_64-fslcsdk-linux/usr/lib/aarch64-fslc-linux/gcc/aarch64-fslc-linux/10.2.0/include]
    add: [/opt/fslc-wayland/3.3/sysroots/cortexa53-crypto-fslc-linux/usr/lib/aarch64-fslc-linux/10.2.0/include]
    add: [/opt/fslc-wayland/3.3/sysroots/x86_64-fslcsdk-linux/usr/lib/aarch64-fslc-linux/gcc/aarch64-fslc-linux/10.2.0/include-fixed]
    add: [/opt/fslc-wayland/3.3/sysroots/cortexa53-crypto-fslc-linux/usr/include/]
  end of search list found
  collapse include dir [/opt/fslc-wayland/3.3/sysroots/cortexa53-crypto-fslc-linux/usr/include/c++/10.2.0] ==> [/opt/fslc-wayland/3.3/sysroots/cortexa53-crypto-fslc-linux/usr/include/c++/10.2.0]
  collapse include dir [/opt/fslc-wayland/3.3/sysroots/cortexa53-crypto-fslc-linux/usr/include/c++/10.2.0/aarch64-fslc-linux] ==> [/opt/fslc-wayland/3.3/sysroots/cortexa53-crypto-fslc-linux/usr/include/c++/10.2.0/aarch64-fslc-linux]
  collapse include dir [/opt/fslc-wayland/3.3/sysroots/cortexa53-crypto-fslc-linux/usr/include/c++/10.2.0/backward] ==> [/opt/fslc-wayland/3.3/sysroots/cortexa53-crypto-fslc-linux/usr/include/c++/10.2.0/backward]
  collapse include dir [/opt/fslc-wayland/3.3/sysroots/x86_64-fslcsdk-linux/usr/lib/aarch64-fslc-linux/gcc/aarch64-fslc-linux/10.2.0/include] ==> [/opt/fslc-wayland/3.3/sysroots/x86_64-fslcsdk-linux/usr/lib/aarch64-fslc-linux/gcc/aarch64-fslc-linux/10.2.0/include]
  collapse include dir [/opt/fslc-wayland/3.3/sysroots/cortexa53-crypto-fslc-linux/usr/lib/aarch64-fslc-linux/10.2.0/include] ==> [/opt/fslc-wayland/3.3/sysroots/cortexa53-crypto-fslc-linux/usr/lib/aarch64-fslc-linux/10.2.0/include]
  collapse include dir [/opt/fslc-wayland/3.3/sysroots/x86_64-fslcsdk-linux/usr/lib/aarch64-fslc-linux/gcc/aarch64-fslc-linux/10.2.0/include-fixed] ==> [/opt/fslc-wayland/3.3/sysroots/x86_64-fslcsdk-linux/usr/lib/aarch64-fslc-linux/gcc/aarch64-fslc-linux/10.2.0/include-fixed]
  collapse include dir [/opt/fslc-wayland/3.3/sysroots/cortexa53-crypto-fslc-linux/usr/include/] ==> [/opt/fslc-wayland/3.3/sysroots/cortexa53-crypto-fslc-linux/usr/include]
  implicit include dirs: [/opt/fslc-wayland/3.3/sysroots/cortexa53-crypto-fslc-linux/usr/include/c++/10.2.0;/opt/fslc-wayland/3.3/sysroots/cortexa53-crypto-fslc-linux/usr/include/c++/10.2.0/aarch64-fslc-linux;/opt/fslc-wayland/3.3/sysroots/cortexa53-crypto-fslc-linux/usr/include/c++/10.2.0/backward;/opt/fslc-wayland/3.3/sysroots/x86_64-fslcsdk-linux/usr/lib/aarch64-fslc-linux/gcc/aarch64-fslc-linux/10.2.0/include;/opt/fslc-wayland/3.3/sysroots/cortexa53-crypto-fslc-linux/usr/lib/aarch64-fslc-linux/10.2.0/include;/opt/fslc-wayland/3.3/sysroots/x86_64-fslcsdk-linux/usr/lib/aarch64-fslc-linux/gcc/aarch64-fslc-linux/10.2.0/include-fixed;/opt/fslc-wayland/3.3/sysroots/cortexa53-crypto-fslc-linux/usr/include]


Parsed CXX implicit link information from above output:
  link line regex: [^( *|.*[/\])(aarch64-fslc-linux-ld|CMAKE_LINK_STARTFILE-NOTFOUND|([^/\]+-)?ld|collect2)[^/\]*( |$)]
  ignore line: [Change Dir: /home/yeon/Project/PDU/PDU_220406/src/CMakeFiles/CMakeTmp]
  ignore line: []
  ignore line: [Run Build Command(s):/usr/bin/make cmTC_4e38c/fast && /usr/bin/make  -f CMakeFiles/cmTC_4e38c.dir/build.make CMakeFiles/cmTC_4e38c.dir/build]
  ignore line: [make[1]: Entering directory '/home/yeon/Project/PDU/PDU_220406/src/CMakeFiles/CMakeTmp']
  ignore line: [Building CXX object CMakeFiles/cmTC_4e38c.dir/CMakeCXXCompilerABI.cpp.o]
  ignore line: [/opt/fslc-wayland/3.3/sysroots/x86_64-fslcsdk-linux/usr/bin/aarch64-fslc-linux/aarch64-fslc-linux-g++   -mcpu=cortex-a53 -march=armv8-a+crc+crypto -fstack-protector-strong  -O2 -D_FORTIFY_SOURCE=2 -Wformat -Wformat-security -Werror=format-security --sysroot=/opt/fslc-wayland/3.3/sysroots/cortexa53-crypto-fslc-linux --sysroot=/opt/fslc-wayland/3.3/sysroots/cortexa53-crypto-fslc-linux   -O2 -pipe -g -feliminate-unused-debug-types     -v -o CMakeFiles/cmTC_4e38c.dir/CMakeCXXCompilerABI.cpp.o -c /opt/fslc-wayland/3.3/sysroots/x86_64-fslcsdk-linux/usr/share/cmake-3.19/Modules/CMakeCXXCompilerABI.cpp]
  ignore line: [Using built-in specs.]
  ignore line: [COLLECT_GCC=/opt/fslc-wayland/3.3/sysroots/x86_64-fslcsdk-linux/usr/bin/aarch64-fslc-linux/aarch64-fslc-linux-g++]
  ignore line: [Target: aarch64-fslc-linux]
  ignore line: [Configured with: ../../../../../../work-shared/gcc-10.2.0-r0/gcc-10.2.0/configure --build=x86_64-linux --host=x86_64-fslcsdk-linux --target=aarch64-fslc-linux --prefix=/opt/fslc-wayland/3.3/sysroots/x86_64-fslcsdk-linux/usr --exec_prefix=/opt/fslc-wayland/3.3/sysroots/x86_64-fslcsdk-linux/usr --bindir=/opt/fslc-wayland/3.3/sysroots/x86_64-fslcsdk-linux/usr/bin/aarch64-fslc-linux --sbindir=/opt/fslc-wayland/3.3/sysroots/x86_64-fslcsdk-linux/usr/bin/aarch64-fslc-linux --libexecdir=/opt/fslc-wayland/3.3/sysroots/x86_64-fslcsdk-linux/usr/libexec/aarch64-fslc-linux --datadir=/opt/fslc-wayland/3.3/sysroots/x86_64-fslcsdk-linux/usr/share --sysconfdir=/opt/fslc-wayland/3.3/sysroots/x86_64-fslcsdk-linux/etc --sharedstatedir=/opt/fslc-wayland/3.3/sysroots/x86_64-fslcsdk-linux/com --localstatedir=/opt/fslc-wayland/3.3/sysroots/x86_64-fslcsdk-linux/var --libdir=/opt/fslc-wayland/3.3/sysroots/x86_64-fslcsdk-linux/usr/lib/aarch64-fslc-linux --includedir=/opt/fslc-wayland/3.3/sysroots/x86_64-fslcsdk-linux/usr/include --oldincludedir=/opt/fslc-wayland/3.3/sysroots/x86_64-fslcsdk-linux/usr/include --infodir=/opt/fslc-wayland/3.3/sysroots/x86_64-fslcsdk-linux/usr/share/info --mandir=/opt/fslc-wayland/3.3/sysroots/x86_64-fslcsdk-linux/usr/share/man --disable-silent-rules --disable-dependency-tracking --with-libtool-sysroot=/home/yeon/var-fslc-yocto/build_wayland/tmp/work/x86_64-nativesdk-fslcsdk-linux/gcc-cross-canadian-aarch64/10.2.0-r0/recipe-sysroot --with-gnu-ld --enable-shared --enable-languages=c,c++ --enable-threads=posix --enable-multilib --enable-default-pie --enable-c99 --enable-long-long --enable-symvers=gnu --enable-libstdcxx-pch --program-prefix=aarch64-fslc-linux- --without-local-prefix --disable-install-libiberty --disable-libssp --enable-libitm --enable-lto --disable-bootstrap --with-system-zlib --with-linker-hash-style=gnu --enable-linker-build-id --with-ppl=no --with-cloog=no --enable-checking=release --enable-cheaders=c_global --without-isl --with-gxx-include-dir=/not/exist/usr/include/c++/10.2.0 --with-build-time-tools=/home/yeon/var-fslc-yocto/build_wayland/tmp/work/x86_64-nativesdk-fslcsdk-linux/gcc-cross-canadian-aarch64/10.2.0-r0/recipe-sysroot-native/usr/aarch64-fslc-linux/bin --with-sysroot=/not/exist --with-build-sysroot=/home/yeon/var-fslc-yocto/build_wayland/tmp/work/x86_64-nativesdk-fslcsdk-linux/gcc-cross-canadian-aarch64/10.2.0-r0/recipe-sysroot --enable-poison-system-directories --disable-static --enable-nls --with-glibc-version=2.28 --enable-initfini-array --enable-__cxa_atexit]
  ignore line: [Thread model: posix]
  ignore line: [Supported LTO compression algorithms: zlib]
  ignore line: [gcc version 10.2.0 (GCC) ]
  ignore line: [COLLECT_GCC_OPTIONS='--sysroot=/opt/fslc-wayland/3.3/sysroots/cortexa53-crypto-fslc-linux' '-mcpu=cortex-a53' '-march=armv8-a+crc+crypto' '-fstack-protector-strong' '-O2' '-D' '_FORTIFY_SOURCE=2' '-Wformat=1' '-Wformat-security' '-Werror=format-security' '-O2' '-pipe' '-g' '-feliminate-unused-debug-types' '-v' '-o' 'CMakeFiles/cmTC_4e38c.dir/CMakeCXXCompilerABI.cpp.o' '-c' '-shared-libgcc' '-mlittle-endian' '-mabi=lp64']
  ignore line: [ /opt/fslc-wayland/3.3/sysroots/x86_64-fslcsdk-linux/usr/libexec/aarch64-fslc-linux/gcc/aarch64-fslc-linux/10.2.0/cc1plus -quiet -v -isysroot /opt/fslc-wayland/3.3/sysroots/cortexa53-crypto-fslc-linux -D_GNU_SOURCE -D _FORTIFY_SOURCE=2 /opt/fslc-wayland/3.3/sysroots/x86_64-fslcsdk-linux/usr/share/cmake-3.19/Modules/CMakeCXXCompilerABI.cpp -quiet -dumpbase CMakeCXXCompilerABI.cpp -mcpu=cortex-a53 -march=armv8-a+crc+crypto -mlittle-endian -mabi=lp64 -auxbase-strip CMakeFiles/cmTC_4e38c.dir/CMakeCXXCompilerABI.cpp.o -g -O2 -O2 -Wformat=1 -Wformat-security -Werror=format-security -version -fstack-protector-strong -feliminate-unused-debug-types -o - |]
  ignore line: [ /opt/fslc-wayland/3.3/sysroots/x86_64-fslcsdk-linux/usr/libexec/aarch64-fslc-linux/gcc/aarch64-fslc-linux/10.2.0/as -v -EL -march=armv8-a+crc+crypto -march=armv8-a+crc -mabi=lp64 -o CMakeFiles/cmTC_4e38c.dir/CMakeCXXCompilerABI.cpp.o]
  ignore line: [GNU assembler version 2.36.1 (aarch64-fslc-linux) using BFD version (GNU Binutils) 2.36.1.20210209]
  ignore line: [GNU C++14 (GCC) version 10.2.0 (aarch64-fslc-linux)]
  ignore line: [	compiled by GNU C version 10.2.0  GMP version 6.2.1  MPFR version 4.1.0  MPC version 1.2.1  isl version none]
  ignore line: [GGC heuristics: --param ggc-min-expand=100 --param ggc-min-heapsize=131072]
  ignore line: [ignoring nonexistent directory "/opt/fslc-wayland/3.3/sysroots/cortexa53-crypto-fslc-linux/usr/local/include"]
  ignore line: [ignoring nonexistent directory "/opt/fslc-wayland/3.3/sysroots/x86_64-fslcsdk-linux/usr/lib/aarch64-fslc-linux/gcc/aarch64-fslc-linux/10.2.0/../../../../../aarch64-fslc-linux/include"]
  ignore line: [#include "..." search starts here:]
  ignore line: [#include <...> search starts here:]
  ignore line: [ /opt/fslc-wayland/3.3/sysroots/cortexa53-crypto-fslc-linux/usr/include/c++/10.2.0]
  ignore line: [ /opt/fslc-wayland/3.3/sysroots/cortexa53-crypto-fslc-linux/usr/include/c++/10.2.0/aarch64-fslc-linux]
  ignore line: [ /opt/fslc-wayland/3.3/sysroots/cortexa53-crypto-fslc-linux/usr/include/c++/10.2.0/backward]
  ignore line: [ /opt/fslc-wayland/3.3/sysroots/x86_64-fslcsdk-linux/usr/lib/aarch64-fslc-linux/gcc/aarch64-fslc-linux/10.2.0/include]
  ignore line: [ /opt/fslc-wayland/3.3/sysroots/cortexa53-crypto-fslc-linux/usr/lib/aarch64-fslc-linux/10.2.0/include]
  ignore line: [ /opt/fslc-wayland/3.3/sysroots/x86_64-fslcsdk-linux/usr/lib/aarch64-fslc-linux/gcc/aarch64-fslc-linux/10.2.0/include-fixed]
  ignore line: [ /opt/fslc-wayland/3.3/sysroots/cortexa53-crypto-fslc-linux/usr/include/]
  ignore line: [End of search list.]
  ignore line: [GNU C++14 (GCC) version 10.2.0 (aarch64-fslc-linux)]
  ignore line: [	compiled by GNU C version 10.2.0  GMP version 6.2.1  MPFR version 4.1.0  MPC version 1.2.1  isl version none]
  ignore line: [GGC heuristics: --param ggc-min-expand=100 --param ggc-min-heapsize=131072]
  ignore line: [Compiler executable checksum: 962dd2d7571be4e31b76bb6a9e624f5e]
  ignore line: [COMPILER_PATH=/opt/fslc-wayland/3.3/sysroots/x86_64-fslcsdk-linux/usr/libexec/aarch64-fslc-linux/gcc/aarch64-fslc-linux/10.2.0/:/opt/fslc-wayland/3.3/sysroots/x86_64-fslcsdk-linux/usr/libexec/aarch64-fslc-linux/gcc/aarch64-fslc-linux/10.2.0/:/opt/fslc-wayland/3.3/sysroots/x86_64-fslcsdk-linux/usr/libexec/aarch64-fslc-linux/gcc/aarch64-fslc-linux/:/opt/fslc-wayland/3.3/sysroots/x86_64-fslcsdk-linux/usr/lib/aarch64-fslc-linux/gcc/aarch64-fslc-linux/10.2.0/:/opt/fslc-wayland/3.3/sysroots/x86_64-fslcsdk-linux/usr/lib/aarch64-fslc-linux/gcc/aarch64-fslc-linux/]
  ignore line: [LIBRARY_PATH=/opt/fslc-wayland/3.3/sysroots/x86_64-fslcsdk-linux/usr/lib/aarch64-fslc-linux/gcc/aarch64-fslc-linux/10.2.0/:/opt/fslc-wayland/3.3/sysroots/cortexa53-crypto-fslc-linux/lib/:/opt/fslc-wayland/3.3/sysroots/cortexa53-crypto-fslc-linux/usr/lib/aarch64-fslc-linux/10.2.0/:/opt/fslc-wayland/3.3/sysroots/cortexa53-crypto-fslc-linux/usr/lib/]
  ignore line: [COLLECT_GCC_OPTIONS='--sysroot=/opt/fslc-wayland/3.3/sysroots/cortexa53-crypto-fslc-linux' '-mcpu=cortex-a53' '-march=armv8-a+crc+crypto' '-fstack-protector-strong' '-O2' '-D' '_FORTIFY_SOURCE=2' '-Wformat=1' '-Wformat-security' '-Werror=format-security' '-O2' '-pipe' '-g' '-feliminate-unused-debug-types' '-v' '-o' 'CMakeFiles/cmTC_4e38c.dir/CMakeCXXCompilerABI.cpp.o' '-c' '-shared-libgcc' '-mlittle-endian' '-mabi=lp64']
  ignore line: [Linking CXX executable cmTC_4e38c]
  ignore line: [/opt/fslc-wayland/3.3/sysroots/x86_64-fslcsdk-linux/usr/bin/cmake -E cmake_link_script CMakeFiles/cmTC_4e38c.dir/link.txt --verbose=1]
  ignore line: [/opt/fslc-wayland/3.3/sysroots/x86_64-fslcsdk-linux/usr/bin/aarch64-fslc-linux/aarch64-fslc-linux-g++   -mcpu=cortex-a53 -march=armv8-a+crc+crypto -fstack-protector-strong  -O2 -D_FORTIFY_SOURCE=2 -Wformat -Wformat-security -Werror=format-security --sysroot=/opt/fslc-wayland/3.3/sysroots/cortexa53-crypto-fslc-linux --sysroot=/opt/fslc-wayland/3.3/sysroots/cortexa53-crypto-fslc-linux  -O2 -pipe -g -feliminate-unused-debug-types   -Wl -O1 -Wl --hash-style=gnu -Wl --as-needed -Wl -z relro -z now -v -rdynamic CMakeFiles/cmTC_4e38c.dir/CMakeCXXCompilerABI.cpp.o -o cmTC_4e38c ]
  ignore line: [Using built-in specs.]
  ignore line: [COLLECT_GCC=/opt/fslc-wayland/3.3/sysroots/x86_64-fslcsdk-linux/usr/bin/aarch64-fslc-linux/aarch64-fslc-linux-g++]
  ignore line: [COLLECT_LTO_WRAPPER=/opt/fslc-wayland/3.3/sysroots/x86_64-fslcsdk-linux/usr/libexec/aarch64-fslc-linux/gcc/aarch64-fslc-linux/10.2.0/lto-wrapper]
  ignore line: [Target: aarch64-fslc-linux]
  ignore line: [Configured with: ../../../../../../work-shared/gcc-10.2.0-r0/gcc-10.2.0/configure --build=x86_64-linux --host=x86_64-fslcsdk-linux --target=aarch64-fslc-linux --prefix=/opt/fslc-wayland/3.3/sysroots/x86_64-fslcsdk-linux/usr --exec_prefix=/opt/fslc-wayland/3.3/sysroots/x86_64-fslcsdk-linux/usr --bindir=/opt/fslc-wayland/3.3/sysroots/x86_64-fslcsdk-linux/usr/bin/aarch64-fslc-linux --sbindir=/opt/fslc-wayland/3.3/sysroots/x86_64-fslcsdk-linux/usr/bin/aarch64-fslc-linux --libexecdir=/opt/fslc-wayland/3.3/sysroots/x86_64-fslcsdk-linux/usr/libexec/aarch64-fslc-linux --datadir=/opt/fslc-wayland/3.3/sysroots/x86_64-fslcsdk-linux/usr/share --sysconfdir=/opt/fslc-wayland/3.3/sysroots/x86_64-fslcsdk-linux/etc --sharedstatedir=/opt/fslc-wayland/3.3/sysroots/x86_64-fslcsdk-linux/com --localstatedir=/opt/fslc-wayland/3.3/sysroots/x86_64-fslcsdk-linux/var --libdir=/opt/fslc-wayland/3.3/sysroots/x86_64-fslcsdk-linux/usr/lib/aarch64-fslc-linux --includedir=/opt/fslc-wayland/3.3/sysroots/x86_64-fslcsdk-linux/usr/include --oldincludedir=/opt/fslc-wayland/3.3/sysroots/x86_64-fslcsdk-linux/usr/include --infodir=/opt/fslc-wayland/3.3/sysroots/x86_64-fslcsdk-linux/usr/share/info --mandir=/opt/fslc-wayland/3.3/sysroots/x86_64-fslcsdk-linux/usr/share/man --disable-silent-rules --disable-dependency-tracking --with-libtool-sysroot=/home/yeon/var-fslc-yocto/build_wayland/tmp/work/x86_64-nativesdk-fslcsdk-linux/gcc-cross-canadian-aarch64/10.2.0-r0/recipe-sysroot --with-gnu-ld --enable-shared --enable-languages=c,c++ --enable-threads=posix --enable-multilib --enable-default-pie --enable-c99 --enable-long-long --enable-symvers=gnu --enable-libstdcxx-pch --program-prefix=aarch64-fslc-linux- --without-local-prefix --disable-install-libiberty --disable-libssp --enable-libitm --enable-lto --disable-bootstrap --with-system-zlib --with-linker-hash-style=gnu --enable-linker-build-id --with-ppl=no --with-cloog=no --enable-checking=release --enable-cheaders=c_global --without-isl --with-gxx-include-dir=/not/exist/usr/include/c++/10.2.0 --with-build-time-tools=/home/yeon/var-fslc-yocto/build_wayland/tmp/work/x86_64-nativesdk-fslcsdk-linux/gcc-cross-canadian-aarch64/10.2.0-r0/recipe-sysroot-native/usr/aarch64-fslc-linux/bin --with-sysroot=/not/exist --with-build-sysroot=/home/yeon/var-fslc-yocto/build_wayland/tmp/work/x86_64-nativesdk-fslcsdk-linux/gcc-cross-canadian-aarch64/10.2.0-r0/recipe-sysroot --enable-poison-system-directories --disable-static --enable-nls --with-glibc-version=2.28 --enable-initfini-array --enable-__cxa_atexit]
  ignore line: [Thread model: posix]
  ignore line: [Supported LTO compression algorithms: zlib]
  ignore line: [gcc version 10.2.0 (GCC) ]
  ignore line: [COMPILER_PATH=/opt/fslc-wayland/3.3/sysroots/x86_64-fslcsdk-linux/usr/libexec/aarch64-fslc-linux/gcc/aarch64-fslc-linux/10.2.0/:/opt/fslc-wayland/3.3/sysroots/x86_64-fslcsdk-linux/usr/libexec/aarch64-fslc-linux/gcc/aarch64-fslc-linux/10.2.0/:/opt/fslc-wayland/3.3/sysroots/x86_64-fslcsdk-linux/usr/libexec/aarch64-fslc-linux/gcc/aarch64-fslc-linux/:/opt/fslc-wayland/3.3/sysroots/x86_64-fslcsdk-linux/usr/lib/aarch64-fslc-linux/gcc/aarch64-fslc-linux/10.2.0/:/opt/fslc-wayland/3.3/sysroots/x86_64-fslcsdk-linux/usr/lib/aarch64-fslc-linux/gcc/aarch64-fslc-linux/]
  ignore line: [LIBRARY_PATH=/opt/fslc-wayland/3.3/sysroots/x86_64-fslcsdk-linux/usr/lib/aarch64-fslc-linux/gcc/aarch64-fslc-linux/10.2.0/:/opt/fslc-wayland/3.3/sysroots/cortexa53-crypto-fslc-linux/lib/:/opt/fslc-wayland/3.3/sysroots/cortexa53-crypto-fslc-linux/usr/lib/aarch64-fslc-linux/10.2.0/:/opt/fslc-wayland/3.3/sysroots/cortexa53-crypto-fslc-linux/usr/lib/]
  ignore line: [COLLECT_GCC_OPTIONS='--sysroot=/opt/fslc-wayland/3.3/sysroots/cortexa53-crypto-fslc-linux' '-mcpu=cortex-a53' '-march=armv8-a+crc+crypto' '-fstack-protector-strong' '-O2' '-D' '_FORTIFY_SOURCE=2' '-Wformat=1' '-Wformat-security' '-Werror=format-security' '-O2' '-pipe' '-g' '-feliminate-unused-debug-types' '-v' '-rdynamic' '-o' 'cmTC_4e38c' '-shared-libgcc' '-mlittle-endian' '-mabi=lp64']
  link line: [ /opt/fslc-wayland/3.3/sysroots/x86_64-fslcsdk-linux/usr/libexec/aarch64-fslc-linux/gcc/aarch64-fslc-linux/10.2.0/collect2 -plugin /opt/fslc-wayland/3.3/sysroots/x86_64-fslcsdk-linux/usr/libexec/aarch64-fslc-linux/gcc/aarch64-fslc-linux/10.2.0/liblto_plugin.so -plugin-opt=/opt/fslc-wayland/3.3/sysroots/x86_64-fslcsdk-linux/usr/libexec/aarch64-fslc-linux/gcc/aarch64-fslc-linux/10.2.0/lto-wrapper -plugin-opt=-fresolution=/tmp/ccUqorZ7.res -plugin-opt=-pass-through=-lgcc_s -plugin-opt=-pass-through=-lgcc -plugin-opt=-pass-through=-lc -plugin-opt=-pass-through=-lgcc_s -plugin-opt=-pass-through=-lgcc --sysroot=/opt/fslc-wayland/3.3/sysroots/cortexa53-crypto-fslc-linux --build-id --eh-frame-hdr --hash-style=gnu -export-dynamic -dynamic-linker /lib/ld-linux-aarch64.so.1 -X -EL -maarch64linux -pie -o cmTC_4e38c /opt/fslc-wayland/3.3/sysroots/cortexa53-crypto-fslc-linux/usr/lib/Scrt1.o /opt/fslc-wayland/3.3/sysroots/cortexa53-crypto-fslc-linux/usr/lib/crti.o /opt/fslc-wayland/3.3/sysroots/cortexa53-crypto-fslc-linux/usr/lib/aarch64-fslc-linux/10.2.0/crtbeginS.o -L/opt/fslc-wayland/3.3/sysroots/x86_64-fslcsdk-linux/usr/lib/aarch64-fslc-linux/gcc/aarch64-fslc-linux/10.2.0 -L/opt/fslc-wayland/3.3/sysroots/cortexa53-crypto-fslc-linux/lib -L/opt/fslc-wayland/3.3/sysroots/cortexa53-crypto-fslc-linux/usr/lib/aarch64-fslc-linux/10.2.0 -L/opt/fslc-wayland/3.3/sysroots/cortexa53-crypto-fslc-linux/usr/lib -O1 --hash-style=gnu --as-needed -z relro -z now CMakeFiles/cmTC_4e38c.dir/CMakeCXXCompilerABI.cpp.o -lstdc++ -lm -lgcc_s -lgcc -lc -lgcc_s -lgcc /opt/fslc-wayland/3.3/sysroots/cortexa53-crypto-fslc-linux/usr/lib/aarch64-fslc-linux/10.2.0/crtendS.o /opt/fslc-wayland/3.3/sysroots/cortexa53-crypto-fslc-linux/usr/lib/crtn.o]
    arg [/opt/fslc-wayland/3.3/sysroots/x86_64-fslcsdk-linux/usr/libexec/aarch64-fslc-linux/gcc/aarch64-fslc-linux/10.2.0/collect2] ==> ignore
    arg [-plugin] ==> ignore
    arg [/opt/fslc-wayland/3.3/sysroots/x86_64-fslcsdk-linux/usr/libexec/aarch64-fslc-linux/gcc/aarch64-fslc-linux/10.2.0/liblto_plugin.so] ==> ignore
    arg [-plugin-opt=/opt/fslc-wayland/3.3/sysroots/x86_64-fslcsdk-linux/usr/libexec/aarch64-fslc-linux/gcc/aarch64-fslc-linux/10.2.0/lto-wrapper] ==> ignore
    arg [-plugin-opt=-fresolution=/tmp/ccUqorZ7.res] ==> ignore
    arg [-plugin-opt=-pass-through=-lgcc_s] ==> ignore
    arg [-plugin-opt=-pass-through=-lgcc] ==> ignore
    arg [-plugin-opt=-pass-through=-lc] ==> ignore
    arg [-plugin-opt=-pass-through=-lgcc_s] ==> ignore
    arg [-plugin-opt=-pass-through=-lgcc] ==> ignore
    arg [--sysroot=/opt/fslc-wayland/3.3/sysroots/cortexa53-crypto-fslc-linux] ==> ignore
    arg [--build-id] ==> ignore
    arg [--eh-frame-hdr] ==> ignore
    arg [--hash-style=gnu] ==> ignore
    arg [-export-dynamic] ==> ignore
    arg [-dynamic-linker] ==> ignore
    arg [/lib/ld-linux-aarch64.so.1] ==> ignore
    arg [-X] ==> ignore
    arg [-EL] ==> ignore
    arg [-maarch64linux] ==> ignore
    arg [-pie] ==> ignore
    arg [-o] ==> ignore
    arg [cmTC_4e38c] ==> ignore
    arg [/opt/fslc-wayland/3.3/sysroots/cortexa53-crypto-fslc-linux/usr/lib/Scrt1.o] ==> ignore
    arg [/opt/fslc-wayland/3.3/sysroots/cortexa53-crypto-fslc-linux/usr/lib/crti.o] ==> ignore
    arg [/opt/fslc-wayland/3.3/sysroots/cortexa53-crypto-fslc-linux/usr/lib/aarch64-fslc-linux/10.2.0/crtbeginS.o] ==> ignore
    arg [-L/opt/fslc-wayland/3.3/sysroots/x86_64-fslcsdk-linux/usr/lib/aarch64-fslc-linux/gcc/aarch64-fslc-linux/10.2.0] ==> dir [/opt/fslc-wayland/3.3/sysroots/x86_64-fslcsdk-linux/usr/lib/aarch64-fslc-linux/gcc/aarch64-fslc-linux/10.2.0]
    arg [-L/opt/fslc-wayland/3.3/sysroots/cortexa53-crypto-fslc-linux/lib] ==> dir [/opt/fslc-wayland/3.3/sysroots/cortexa53-crypto-fslc-linux/lib]
    arg [-L/opt/fslc-wayland/3.3/sysroots/cortexa53-crypto-fslc-linux/usr/lib/aarch64-fslc-linux/10.2.0] ==> dir [/opt/fslc-wayland/3.3/sysroots/cortexa53-crypto-fslc-linux/usr/lib/aarch64-fslc-linux/10.2.0]
    arg [-L/opt/fslc-wayland/3.3/sysroots/cortexa53-crypto-fslc-linux/usr/lib] ==> dir [/opt/fslc-wayland/3.3/sysroots/cortexa53-crypto-fslc-linux/usr/lib]
    arg [-O1] ==> ignore
    arg [--hash-style=gnu] ==> ignore
    arg [--as-needed] ==> ignore
    arg [-zrelro] ==> ignore
    arg [-znow] ==> ignore
    arg [CMakeFiles/cmTC_4e38c.dir/CMakeCXXCompilerABI.cpp.o] ==> ignore
    arg [-lstdc++] ==> lib [stdc++]
    arg [-lm] ==> lib [m]
    arg [-lgcc_s] ==> lib [gcc_s]
    arg [-lgcc] ==> lib [gcc]
    arg [-lc] ==> lib [c]
    arg [-lgcc_s] ==> lib [gcc_s]
    arg [-lgcc] ==> lib [gcc]
    arg [/opt/fslc-wayland/3.3/sysroots/cortexa53-crypto-fslc-linux/usr/lib/aarch64-fslc-linux/10.2.0/crtendS.o] ==> ignore
    arg [/opt/fslc-wayland/3.3/sysroots/cortexa53-crypto-fslc-linux/usr/lib/crtn.o] ==> ignore
  collapse library dir [/opt/fslc-wayland/3.3/sysroots/x86_64-fslcsdk-linux/usr/lib/aarch64-fslc-linux/gcc/aarch64-fslc-linux/10.2.0] ==> [/opt/fslc-wayland/3.3/sysroots/x86_64-fslcsdk-linux/usr/lib/aarch64-fslc-linux/gcc/aarch64-fslc-linux/10.2.0]
  collapse library dir [/opt/fslc-wayland/3.3/sysroots/cortexa53-crypto-fslc-linux/lib] ==> [/opt/fslc-wayland/3.3/sysroots/cortexa53-crypto-fslc-linux/lib]
  collapse library dir [/opt/fslc-wayland/3.3/sysroots/cortexa53-crypto-fslc-linux/usr/lib/aarch64-fslc-linux/10.2.0] ==> [/opt/fslc-wayland/3.3/sysroots/cortexa53-crypto-fslc-linux/usr/lib/aarch64-fslc-linux/10.2.0]
  collapse library dir [/opt/fslc-wayland/3.3/sysroots/cortexa53-crypto-fslc-linux/usr/lib] ==> [/opt/fslc-wayland/3.3/sysroots/cortexa53-crypto-fslc-linux/usr/lib]
  implicit libs: [stdc++;m;gcc_s;gcc;c;gcc_s;gcc]
  implicit dirs: [/opt/fslc-wayland/3.3/sysroots/x86_64-fslcsdk-linux/usr/lib/aarch64-fslc-linux/gcc/aarch64-fslc-linux/10.2.0;/opt/fslc-wayland/3.3/sysroots/cortexa53-crypto-fslc-linux/lib;/opt/fslc-wayland/3.3/sysroots/cortexa53-crypto-fslc-linux/usr/lib/aarch64-fslc-linux/10.2.0;/opt/fslc-wayland/3.3/sysroots/cortexa53-crypto-fslc-linux/usr/lib]
  implicit fwks: []


